2024-08-08 17:09:25.396 | INFO     | app:lifespan:39 - FasAPI-Bread 开始启动
2024-08-08 17:09:25.397 | SUCCESS  | app:lifespan:40 - 
 .----------------.  .----------------.  .----------------.  .----------------.  .----------------.  .----------------.  .----------------.  .----------------.  .----------------.  .----------------.  .----------------.  .----------------. 
| .--------------. || .--------------. || .--------------. || .--------------. || .--------------. || .--------------. || .--------------. || .--------------. || .--------------. || .--------------. || .--------------. || .--------------. |
| |  _________   | || |      __      | || |    _______   | || |      __      | || |   ______     | || |     _____    | || |              | || |   ______     | || |  _______     | || |  _________   | || |      __      | || |  ________    | |
| | |_   ___  |  | || |     /  \     | || |   /  ___  |  | || |     /  \     | || |  |_   __ \   | || |    |_   _|   | || |              | || |  |_   _ \    | || | |_   __ \    | || | |_   ___  |  | || |     /  \     | || | |_   ___ `.  | |
| |   | |_  \_|  | || |    / /\ \    | || |  |  (__ \_|  | || |    / /\ \    | || |    | |__) |  | || |      | |     | || |    ______    | || |    | |_) |   | || |   | |__) |   | || |   | |_  \_|  | || |    / /\ \    | || |   | |   `. \ | |
| |   |  _|      | || |   / ____ \   | || |   '.___`-.   | || |   / ____ \   | || |    |  ___/   | || |      | |     | || |   |______|   | || |    |  __'.   | || |   |  __ /    | || |   |  _|  _   | || |   / ____ \   | || |   | |    | | | |
| |  _| |_       | || | _/ /    \ \_ | || |  |`\____) |  | || | _/ /    \ \_ | || |   _| |_      | || |     _| |_    | || |              | || |   _| |__) |  | || |  _| |  \ \_  | || |  _| |___/ |  | || | _/ /    \ \_ | || |  _| |___.' / | |
| | |_____|      | || ||____|  |____|| || |  |_______.'  | || ||____|  |____|| || |  |_____|     | || |    |_____|   | || |              | || |  |_______/   | || | |____| |___| | || | |_________|  | || ||____|  |____|| || | |________.'  | |
| |              | || |              | || |              | || |              | || |              | || |              | || |              | || |              | || |              | || |              | || |              | || |              | |
| '--------------' || '--------------' || '--------------' || '--------------' || '--------------' || '--------------' || '--------------' || '--------------' || '--------------' || '--------------' || '--------------' || '--------------' |
 '----------------'  '----------------'  '----------------'  '----------------'  '----------------'  '----------------'  '----------------'  '----------------'  '----------------'  '----------------'  '----------------'  '----------------' 

2024-08-08 17:09:25.399 | INFO     | app:init_create_table:29 - 初始化数据库连接...
2024-08-08 17:09:25.568 | INFO     | app:init_create_table:32 - 数据库连接成功
2024-08-08 17:09:25.569 | INFO     | app.apis:register_routers:16 - 注册路由
2024-08-08 17:09:25.569 | INFO     | app:lifespan:43 - FasAPI-Bread 启动成功
2024-08-08 17:09:36.000 | INFO     | app.middlewares.middlewares:dispatch:50 - --> 92a3a222-c4f0-4c8f-8997-326cc49165c2 GET / 127.0.0.1
2024-08-08 17:09:36.001 | WARNING  | app.exceptions.exception_handler:http_exception_handler:32 - Http请求异常
Method:GET
URL:http://127.0.0.1:9099/
Headers:Headers({'host': '127.0.0.1:9099', 'connection': 'keep-alive', 'sec-ch-ua': '"Not)A;Brand";v="99", "Google Chrome";v="127", "Chromium";v="127"', 'sec-ch-ua-mobile': '?0', 'sec-ch-ua-platform': '"Windows"', 'upgrade-insecure-requests': '1', 'user-agent': 'Mozilla/5.0 (Windows NT 10.0; Win64; x64) AppleWebKit/537.36 (KHTML, like Gecko) Chrome/127.0.0.0 Safari/537.36', 'accept': 'text/html,application/xhtml+xml,application/xml;q=0.9,image/avif,image/webp,image/apng,*/*;q=0.8,application/signed-exchange;v=b3;q=0.7', 'sec-fetch-site': 'none', 'sec-fetch-mode': 'navigate', 'sec-fetch-user': '?1', 'sec-fetch-dest': 'document', 'accept-encoding': 'gzip, deflate, br, zstd', 'accept-language': 'zh-CN,zh;q=0.9'})
Code:404
Message:Not Found

2024-08-08 17:09:36.002 | INFO     | app.middlewares.middlewares:dispatch:69 - <-- 92a3a222-c4f0-4c8f-8997-326cc49165c2 404 / (took: 0.002710s)

2024-08-08 17:09:39.199 | INFO     | app.middlewares.middlewares:dispatch:50 - --> 8897561f-7c7a-4a9b-ae9f-c346575c8641 GET /docs 127.0.0.1
2024-08-08 17:09:39.200 | INFO     | app.middlewares.middlewares:dispatch:69 - <-- 8897561f-7c7a-4a9b-ae9f-c346575c8641 200 /docs (took: 0.001062s)

2024-08-08 17:09:39.804 | INFO     | app.middlewares.middlewares:dispatch:50 - --> 43c8c348-cd9e-4068-8ab2-84c88cefa99b GET /openapi.json 127.0.0.1
2024-08-08 17:09:39.806 | INFO     | app.middlewares.middlewares:dispatch:69 - <-- 43c8c348-cd9e-4068-8ab2-84c88cefa99b 200 /openapi.json (took: 0.001815s)

2024-08-08 17:09:57.201 | INFO     | app.middlewares.middlewares:dispatch:50 - --> f360141f-e6ac-486c-a95c-c599ede27d4e POST /api/v1/system/user/login 127.0.0.1
2024-08-08 17:09:57.203 | WARNING  | app.exceptions.exception_handler:http_exception_handler:32 - Http请求异常
Method:POST
URL:http://127.0.0.1:9099/api/v1/system/user/login
Headers:Headers({'host': '127.0.0.1:9099', 'connection': 'keep-alive', 'content-length': '0', 'sec-ch-ua': '"Not)A;Brand";v="99", "Google Chrome";v="127", "Chromium";v="127"', 'accept': 'application/json', 'sec-ch-ua-mobile': '?0', 'user-agent': 'Mozilla/5.0 (Windows NT 10.0; Win64; x64) AppleWebKit/537.36 (KHTML, like Gecko) Chrome/127.0.0.0 Safari/537.36', 'sec-ch-ua-platform': '"Windows"', 'origin': 'http://127.0.0.1:9099', 'sec-fetch-site': 'same-origin', 'sec-fetch-mode': 'cors', 'sec-fetch-dest': 'empty', 'referer': 'http://127.0.0.1:9099/docs', 'accept-encoding': 'gzip, deflate, br, zstd', 'accept-language': 'zh-CN,zh;q=0.9'})
Code:401
Message:Not authenticated

2024-08-08 17:09:57.206 | INFO     | app.middlewares.middlewares:dispatch:69 - <-- f360141f-e6ac-486c-a95c-c599ede27d4e 401 /api/v1/system/user/login (took: 0.004675s)

2024-08-08 17:10:03.857 | INFO     | app.middlewares.middlewares:dispatch:50 - --> dec5289d-84a9-4176-a563-3a29747eec75 POST /api/v1/system/user/login 127.0.0.1
2024-08-08 17:10:03.858 | WARNING  | app.exceptions.exception_handler:http_exception_handler:32 - Http请求异常
Method:POST
URL:http://127.0.0.1:9099/api/v1/system/user/login
Headers:Headers({'host': '127.0.0.1:9099', 'connection': 'keep-alive', 'content-length': '0', 'sec-ch-ua': '"Not)A;Brand";v="99", "Google Chrome";v="127", "Chromium";v="127"', 'accept': 'application/json', 'sec-ch-ua-mobile': '?0', 'user-agent': 'Mozilla/5.0 (Windows NT 10.0; Win64; x64) AppleWebKit/537.36 (KHTML, like Gecko) Chrome/127.0.0.0 Safari/537.36', 'sec-ch-ua-platform': '"Windows"', 'origin': 'http://127.0.0.1:9099', 'sec-fetch-site': 'same-origin', 'sec-fetch-mode': 'cors', 'sec-fetch-dest': 'empty', 'referer': 'http://127.0.0.1:9099/docs', 'accept-encoding': 'gzip, deflate, br, zstd', 'accept-language': 'zh-CN,zh;q=0.9'})
Code:401
Message:Not authenticated

2024-08-08 17:10:03.861 | INFO     | app.middlewares.middlewares:dispatch:69 - <-- dec5289d-84a9-4176-a563-3a29747eec75 401 /api/v1/system/user/login (took: 0.004877s)

2024-08-08 17:10:25.439 | INFO     | app.middlewares.middlewares:dispatch:50 - --> 7184f8b5-6f58-4665-a05b-64dc2fd905ce POST /login 127.0.0.1
2024-08-08 17:10:25.441 | WARNING  | app.exceptions.exception_handler:http_exception_handler:32 - Http请求异常
Method:POST
URL:http://127.0.0.1:9099/login
Headers:Headers({'host': '127.0.0.1:9099', 'connection': 'keep-alive', 'content-length': '45', 'sec-ch-ua': '"Not)A;Brand";v="99", "Google Chrome";v="127", "Chromium";v="127"', 'sec-ch-ua-mobile': '?0', 'authorization': 'Basic Og==', 'user-agent': 'Mozilla/5.0 (Windows NT 10.0; Win64; x64) AppleWebKit/537.36 (KHTML, like Gecko) Chrome/127.0.0.0 Safari/537.36', 'content-type': 'application/x-www-form-urlencoded', 'accept': 'application/json, text/plain, */*', 'x-requested-with': 'XMLHttpRequest', 'sec-ch-ua-platform': '"Windows"', 'origin': 'http://127.0.0.1:9099', 'sec-fetch-site': 'same-origin', 'sec-fetch-mode': 'cors', 'sec-fetch-dest': 'empty', 'referer': 'http://127.0.0.1:9099/docs', 'accept-encoding': 'gzip, deflate, br, zstd', 'accept-language': 'zh-CN,zh;q=0.9'})
Code:404
Message:Not Found

2024-08-08 17:10:25.442 | INFO     | app.middlewares.middlewares:dispatch:69 - <-- 7184f8b5-6f58-4665-a05b-64dc2fd905ce 404 /login (took: 0.002712s)

2024-08-08 17:10:27.862 | INFO     | app.middlewares.middlewares:dispatch:50 - --> 6c91e3c9-c513-4d4d-935d-bdfed9023a2a POST /login 127.0.0.1
2024-08-08 17:10:27.863 | WARNING  | app.exceptions.exception_handler:http_exception_handler:32 - Http请求异常
Method:POST
URL:http://127.0.0.1:9099/login
Headers:Headers({'host': '127.0.0.1:9099', 'connection': 'keep-alive', 'content-length': '45', 'sec-ch-ua': '"Not)A;Brand";v="99", "Google Chrome";v="127", "Chromium";v="127"', 'sec-ch-ua-mobile': '?0', 'authorization': 'Basic Og==', 'user-agent': 'Mozilla/5.0 (Windows NT 10.0; Win64; x64) AppleWebKit/537.36 (KHTML, like Gecko) Chrome/127.0.0.0 Safari/537.36', 'content-type': 'application/x-www-form-urlencoded', 'accept': 'application/json, text/plain, */*', 'x-requested-with': 'XMLHttpRequest', 'sec-ch-ua-platform': '"Windows"', 'origin': 'http://127.0.0.1:9099', 'sec-fetch-site': 'same-origin', 'sec-fetch-mode': 'cors', 'sec-fetch-dest': 'empty', 'referer': 'http://127.0.0.1:9099/docs', 'accept-encoding': 'gzip, deflate, br, zstd', 'accept-language': 'zh-CN,zh;q=0.9'})
Code:404
Message:Not Found

2024-08-08 17:10:27.865 | INFO     | app.middlewares.middlewares:dispatch:69 - <-- 6c91e3c9-c513-4d4d-935d-bdfed9023a2a 404 /login (took: 0.003469s)

2024-08-08 17:10:30.868 | INFO     | app.middlewares.middlewares:dispatch:50 - --> 6e966ea7-93c5-430d-8f08-d170706c6971 POST /login 127.0.0.1
2024-08-08 17:10:30.869 | WARNING  | app.exceptions.exception_handler:http_exception_handler:32 - Http请求异常
Method:POST
URL:http://127.0.0.1:9099/login
Headers:Headers({'host': '127.0.0.1:9099', 'connection': 'keep-alive', 'content-length': '45', 'sec-ch-ua': '"Not)A;Brand";v="99", "Google Chrome";v="127", "Chromium";v="127"', 'sec-ch-ua-mobile': '?0', 'authorization': 'Basic MTIzOjEyMw==', 'user-agent': 'Mozilla/5.0 (Windows NT 10.0; Win64; x64) AppleWebKit/537.36 (KHTML, like Gecko) Chrome/127.0.0.0 Safari/537.36', 'content-type': 'application/x-www-form-urlencoded', 'accept': 'application/json, text/plain, */*', 'x-requested-with': 'XMLHttpRequest', 'sec-ch-ua-platform': '"Windows"', 'origin': 'http://127.0.0.1:9099', 'sec-fetch-site': 'same-origin', 'sec-fetch-mode': 'cors', 'sec-fetch-dest': 'empty', 'referer': 'http://127.0.0.1:9099/docs', 'accept-encoding': 'gzip, deflate, br, zstd', 'accept-language': 'zh-CN,zh;q=0.9'})
Code:404
Message:Not Found

2024-08-08 17:10:30.872 | INFO     | app.middlewares.middlewares:dispatch:69 - <-- 6e966ea7-93c5-430d-8f08-d170706c6971 404 /login (took: 0.004812s)

2024-08-08 17:10:31.436 | INFO     | app.middlewares.middlewares:dispatch:50 - --> 177dd64f-adc0-4a3e-a25b-2799b0244c9d POST /login 127.0.0.1
2024-08-08 17:10:31.437 | WARNING  | app.exceptions.exception_handler:http_exception_handler:32 - Http请求异常
Method:POST
URL:http://127.0.0.1:9099/login
Headers:Headers({'host': '127.0.0.1:9099', 'connection': 'keep-alive', 'content-length': '45', 'sec-ch-ua': '"Not)A;Brand";v="99", "Google Chrome";v="127", "Chromium";v="127"', 'sec-ch-ua-mobile': '?0', 'authorization': 'Basic MTIzOjEyMw==', 'user-agent': 'Mozilla/5.0 (Windows NT 10.0; Win64; x64) AppleWebKit/537.36 (KHTML, like Gecko) Chrome/127.0.0.0 Safari/537.36', 'content-type': 'application/x-www-form-urlencoded', 'accept': 'application/json, text/plain, */*', 'x-requested-with': 'XMLHttpRequest', 'sec-ch-ua-platform': '"Windows"', 'origin': 'http://127.0.0.1:9099', 'sec-fetch-site': 'same-origin', 'sec-fetch-mode': 'cors', 'sec-fetch-dest': 'empty', 'referer': 'http://127.0.0.1:9099/docs', 'accept-encoding': 'gzip, deflate, br, zstd', 'accept-language': 'zh-CN,zh;q=0.9'})
Code:404
Message:Not Found

2024-08-08 17:10:31.440 | INFO     | app.middlewares.middlewares:dispatch:69 - <-- 177dd64f-adc0-4a3e-a25b-2799b0244c9d 404 /login (took: 0.003638s)

2024-08-08 17:10:38.831 | INFO     | app.middlewares.middlewares:dispatch:50 - --> c9d5580f-2294-4470-8b2b-46b544ee161c POST /login 127.0.0.1
2024-08-08 17:10:38.832 | WARNING  | app.exceptions.exception_handler:http_exception_handler:32 - Http请求异常
Method:POST
URL:http://127.0.0.1:9099/login
Headers:Headers({'host': '127.0.0.1:9099', 'connection': 'keep-alive', 'content-length': '45', 'sec-ch-ua': '"Not)A;Brand";v="99", "Google Chrome";v="127", "Chromium";v="127"', 'sec-ch-ua-mobile': '?0', 'authorization': 'Basic MTIzOjEyMw==', 'user-agent': 'Mozilla/5.0 (Windows NT 10.0; Win64; x64) AppleWebKit/537.36 (KHTML, like Gecko) Chrome/127.0.0.0 Safari/537.36', 'content-type': 'application/x-www-form-urlencoded', 'accept': 'application/json, text/plain, */*', 'x-requested-with': 'XMLHttpRequest', 'sec-ch-ua-platform': '"Windows"', 'origin': 'http://127.0.0.1:9099', 'sec-fetch-site': 'same-origin', 'sec-fetch-mode': 'cors', 'sec-fetch-dest': 'empty', 'referer': 'http://127.0.0.1:9099/docs', 'accept-encoding': 'gzip, deflate, br, zstd', 'accept-language': 'zh-CN,zh;q=0.9'})
Code:404
Message:Not Found

2024-08-08 17:10:38.834 | INFO     | app.middlewares.middlewares:dispatch:69 - <-- c9d5580f-2294-4470-8b2b-46b544ee161c 404 /login (took: 0.003133s)

2024-08-08 17:12:30.619 | INFO     | app:lifespan:46 - FasAPI-Bread 关闭成功
2024-08-08 17:12:33.682 | INFO     | app:lifespan:39 - FasAPI-Bread 开始启动
2024-08-08 17:12:33.683 | SUCCESS  | app:lifespan:40 - 
 .----------------.  .----------------.  .----------------.  .----------------.  .----------------.  .----------------.  .----------------.  .----------------.  .----------------.  .----------------.  .----------------.  .----------------. 
| .--------------. || .--------------. || .--------------. || .--------------. || .--------------. || .--------------. || .--------------. || .--------------. || .--------------. || .--------------. || .--------------. || .--------------. |
| |  _________   | || |      __      | || |    _______   | || |      __      | || |   ______     | || |     _____    | || |              | || |   ______     | || |  _______     | || |  _________   | || |      __      | || |  ________    | |
| | |_   ___  |  | || |     /  \     | || |   /  ___  |  | || |     /  \     | || |  |_   __ \   | || |    |_   _|   | || |              | || |  |_   _ \    | || | |_   __ \    | || | |_   ___  |  | || |     /  \     | || | |_   ___ `.  | |
| |   | |_  \_|  | || |    / /\ \    | || |  |  (__ \_|  | || |    / /\ \    | || |    | |__) |  | || |      | |     | || |    ______    | || |    | |_) |   | || |   | |__) |   | || |   | |_  \_|  | || |    / /\ \    | || |   | |   `. \ | |
| |   |  _|      | || |   / ____ \   | || |   '.___`-.   | || |   / ____ \   | || |    |  ___/   | || |      | |     | || |   |______|   | || |    |  __'.   | || |   |  __ /    | || |   |  _|  _   | || |   / ____ \   | || |   | |    | | | |
| |  _| |_       | || | _/ /    \ \_ | || |  |`\____) |  | || | _/ /    \ \_ | || |   _| |_      | || |     _| |_    | || |              | || |   _| |__) |  | || |  _| |  \ \_  | || |  _| |___/ |  | || | _/ /    \ \_ | || |  _| |___.' / | |
| | |_____|      | || ||____|  |____|| || |  |_______.'  | || ||____|  |____|| || |  |_____|     | || |    |_____|   | || |              | || |  |_______/   | || | |____| |___| | || | |_________|  | || ||____|  |____|| || | |________.'  | |
| |              | || |              | || |              | || |              | || |              | || |              | || |              | || |              | || |              | || |              | || |              | || |              | |
| '--------------' || '--------------' || '--------------' || '--------------' || '--------------' || '--------------' || '--------------' || '--------------' || '--------------' || '--------------' || '--------------' || '--------------' |
 '----------------'  '----------------'  '----------------'  '----------------'  '----------------'  '----------------'  '----------------'  '----------------'  '----------------'  '----------------'  '----------------'  '----------------' 

2024-08-08 17:12:33.684 | INFO     | app:init_create_table:29 - 初始化数据库连接...
2024-08-08 17:12:33.807 | INFO     | app:init_create_table:32 - 数据库连接成功
2024-08-08 17:12:33.807 | INFO     | app.apis:register_routers:16 - 注册路由
2024-08-08 17:12:33.808 | INFO     | app:lifespan:43 - FasAPI-Bread 启动成功
2024-08-08 17:12:35.435 | INFO     | app:lifespan:46 - FasAPI-Bread 关闭成功
2024-08-08 17:12:36.919 | INFO     | app:lifespan:39 - FasAPI-Bread 开始启动
2024-08-08 17:12:36.920 | SUCCESS  | app:lifespan:40 - 
 .----------------.  .----------------.  .----------------.  .----------------.  .----------------.  .----------------.  .----------------.  .----------------.  .----------------.  .----------------.  .----------------.  .----------------. 
| .--------------. || .--------------. || .--------------. || .--------------. || .--------------. || .--------------. || .--------------. || .--------------. || .--------------. || .--------------. || .--------------. || .--------------. |
| |  _________   | || |      __      | || |    _______   | || |      __      | || |   ______     | || |     _____    | || |              | || |   ______     | || |  _______     | || |  _________   | || |      __      | || |  ________    | |
| | |_   ___  |  | || |     /  \     | || |   /  ___  |  | || |     /  \     | || |  |_   __ \   | || |    |_   _|   | || |              | || |  |_   _ \    | || | |_   __ \    | || | |_   ___  |  | || |     /  \     | || | |_   ___ `.  | |
| |   | |_  \_|  | || |    / /\ \    | || |  |  (__ \_|  | || |    / /\ \    | || |    | |__) |  | || |      | |     | || |    ______    | || |    | |_) |   | || |   | |__) |   | || |   | |_  \_|  | || |    / /\ \    | || |   | |   `. \ | |
| |   |  _|      | || |   / ____ \   | || |   '.___`-.   | || |   / ____ \   | || |    |  ___/   | || |      | |     | || |   |______|   | || |    |  __'.   | || |   |  __ /    | || |   |  _|  _   | || |   / ____ \   | || |   | |    | | | |
| |  _| |_       | || | _/ /    \ \_ | || |  |`\____) |  | || | _/ /    \ \_ | || |   _| |_      | || |     _| |_    | || |              | || |   _| |__) |  | || |  _| |  \ \_  | || |  _| |___/ |  | || | _/ /    \ \_ | || |  _| |___.' / | |
| | |_____|      | || ||____|  |____|| || |  |_______.'  | || ||____|  |____|| || |  |_____|     | || |    |_____|   | || |              | || |  |_______/   | || | |____| |___| | || | |_________|  | || ||____|  |____|| || | |________.'  | |
| |              | || |              | || |              | || |              | || |              | || |              | || |              | || |              | || |              | || |              | || |              | || |              | |
| '--------------' || '--------------' || '--------------' || '--------------' || '--------------' || '--------------' || '--------------' || '--------------' || '--------------' || '--------------' || '--------------' || '--------------' |
 '----------------'  '----------------'  '----------------'  '----------------'  '----------------'  '----------------'  '----------------'  '----------------'  '----------------'  '----------------'  '----------------'  '----------------' 

2024-08-08 17:12:36.921 | INFO     | app:init_create_table:29 - 初始化数据库连接...
2024-08-08 17:12:37.050 | INFO     | app:init_create_table:32 - 数据库连接成功
2024-08-08 17:12:37.050 | INFO     | app.apis:register_routers:16 - 注册路由
2024-08-08 17:12:37.051 | INFO     | app:lifespan:43 - FasAPI-Bread 启动成功
2024-08-08 17:13:20.530 | INFO     | app:lifespan:46 - FasAPI-Bread 关闭成功
2024-08-08 17:13:22.004 | INFO     | app:lifespan:39 - FasAPI-Bread 开始启动
2024-08-08 17:13:22.005 | SUCCESS  | app:lifespan:40 - 
 .----------------.  .----------------.  .----------------.  .----------------.  .----------------.  .----------------.  .----------------.  .----------------.  .----------------.  .----------------.  .----------------.  .----------------. 
| .--------------. || .--------------. || .--------------. || .--------------. || .--------------. || .--------------. || .--------------. || .--------------. || .--------------. || .--------------. || .--------------. || .--------------. |
| |  _________   | || |      __      | || |    _______   | || |      __      | || |   ______     | || |     _____    | || |              | || |   ______     | || |  _______     | || |  _________   | || |      __      | || |  ________    | |
| | |_   ___  |  | || |     /  \     | || |   /  ___  |  | || |     /  \     | || |  |_   __ \   | || |    |_   _|   | || |              | || |  |_   _ \    | || | |_   __ \    | || | |_   ___  |  | || |     /  \     | || | |_   ___ `.  | |
| |   | |_  \_|  | || |    / /\ \    | || |  |  (__ \_|  | || |    / /\ \    | || |    | |__) |  | || |      | |     | || |    ______    | || |    | |_) |   | || |   | |__) |   | || |   | |_  \_|  | || |    / /\ \    | || |   | |   `. \ | |
| |   |  _|      | || |   / ____ \   | || |   '.___`-.   | || |   / ____ \   | || |    |  ___/   | || |      | |     | || |   |______|   | || |    |  __'.   | || |   |  __ /    | || |   |  _|  _   | || |   / ____ \   | || |   | |    | | | |
| |  _| |_       | || | _/ /    \ \_ | || |  |`\____) |  | || | _/ /    \ \_ | || |   _| |_      | || |     _| |_    | || |              | || |   _| |__) |  | || |  _| |  \ \_  | || |  _| |___/ |  | || | _/ /    \ \_ | || |  _| |___.' / | |
| | |_____|      | || ||____|  |____|| || |  |_______.'  | || ||____|  |____|| || |  |_____|     | || |    |_____|   | || |              | || |  |_______/   | || | |____| |___| | || | |_________|  | || ||____|  |____|| || | |________.'  | |
| |              | || |              | || |              | || |              | || |              | || |              | || |              | || |              | || |              | || |              | || |              | || |              | |
| '--------------' || '--------------' || '--------------' || '--------------' || '--------------' || '--------------' || '--------------' || '--------------' || '--------------' || '--------------' || '--------------' || '--------------' |
 '----------------'  '----------------'  '----------------'  '----------------'  '----------------'  '----------------'  '----------------'  '----------------'  '----------------'  '----------------'  '----------------'  '----------------' 

2024-08-08 17:13:22.006 | INFO     | app:init_create_table:29 - 初始化数据库连接...
2024-08-08 17:13:22.128 | INFO     | app:init_create_table:32 - 数据库连接成功
2024-08-08 17:13:22.129 | INFO     | app.apis:register_routers:16 - 注册路由
2024-08-08 17:13:22.129 | INFO     | app:lifespan:43 - FasAPI-Bread 启动成功
2024-08-08 17:13:41.761 | INFO     | app:lifespan:46 - FasAPI-Bread 关闭成功
2024-08-08 17:13:43.279 | INFO     | app:lifespan:39 - FasAPI-Bread 开始启动
2024-08-08 17:13:43.279 | SUCCESS  | app:lifespan:40 - 
 .----------------.  .----------------.  .----------------.  .----------------.  .----------------.  .----------------.  .----------------.  .----------------.  .----------------.  .----------------.  .----------------.  .----------------. 
| .--------------. || .--------------. || .--------------. || .--------------. || .--------------. || .--------------. || .--------------. || .--------------. || .--------------. || .--------------. || .--------------. || .--------------. |
| |  _________   | || |      __      | || |    _______   | || |      __      | || |   ______     | || |     _____    | || |              | || |   ______     | || |  _______     | || |  _________   | || |      __      | || |  ________    | |
| | |_   ___  |  | || |     /  \     | || |   /  ___  |  | || |     /  \     | || |  |_   __ \   | || |    |_   _|   | || |              | || |  |_   _ \    | || | |_   __ \    | || | |_   ___  |  | || |     /  \     | || | |_   ___ `.  | |
| |   | |_  \_|  | || |    / /\ \    | || |  |  (__ \_|  | || |    / /\ \    | || |    | |__) |  | || |      | |     | || |    ______    | || |    | |_) |   | || |   | |__) |   | || |   | |_  \_|  | || |    / /\ \    | || |   | |   `. \ | |
| |   |  _|      | || |   / ____ \   | || |   '.___`-.   | || |   / ____ \   | || |    |  ___/   | || |      | |     | || |   |______|   | || |    |  __'.   | || |   |  __ /    | || |   |  _|  _   | || |   / ____ \   | || |   | |    | | | |
| |  _| |_       | || | _/ /    \ \_ | || |  |`\____) |  | || | _/ /    \ \_ | || |   _| |_      | || |     _| |_    | || |              | || |   _| |__) |  | || |  _| |  \ \_  | || |  _| |___/ |  | || | _/ /    \ \_ | || |  _| |___.' / | |
| | |_____|      | || ||____|  |____|| || |  |_______.'  | || ||____|  |____|| || |  |_____|     | || |    |_____|   | || |              | || |  |_______/   | || | |____| |___| | || | |_________|  | || ||____|  |____|| || | |________.'  | |
| |              | || |              | || |              | || |              | || |              | || |              | || |              | || |              | || |              | || |              | || |              | || |              | |
| '--------------' || '--------------' || '--------------' || '--------------' || '--------------' || '--------------' || '--------------' || '--------------' || '--------------' || '--------------' || '--------------' || '--------------' |
 '----------------'  '----------------'  '----------------'  '----------------'  '----------------'  '----------------'  '----------------'  '----------------'  '----------------'  '----------------'  '----------------'  '----------------' 

2024-08-08 17:13:43.282 | INFO     | app:init_create_table:29 - 初始化数据库连接...
2024-08-08 17:13:43.444 | INFO     | app:init_create_table:32 - 数据库连接成功
2024-08-08 17:13:43.445 | INFO     | app.apis:register_routers:16 - 注册路由
2024-08-08 17:13:43.445 | INFO     | app:lifespan:43 - FasAPI-Bread 启动成功
2024-08-08 17:14:38.109 | INFO     | app:lifespan:46 - FasAPI-Bread 关闭成功
2024-08-08 17:14:39.583 | INFO     | app:lifespan:39 - FasAPI-Bread 开始启动
2024-08-08 17:14:39.584 | SUCCESS  | app:lifespan:40 - 
 .----------------.  .----------------.  .----------------.  .----------------.  .----------------.  .----------------.  .----------------.  .----------------.  .----------------.  .----------------.  .----------------.  .----------------. 
| .--------------. || .--------------. || .--------------. || .--------------. || .--------------. || .--------------. || .--------------. || .--------------. || .--------------. || .--------------. || .--------------. || .--------------. |
| |  _________   | || |      __      | || |    _______   | || |      __      | || |   ______     | || |     _____    | || |              | || |   ______     | || |  _______     | || |  _________   | || |      __      | || |  ________    | |
| | |_   ___  |  | || |     /  \     | || |   /  ___  |  | || |     /  \     | || |  |_   __ \   | || |    |_   _|   | || |              | || |  |_   _ \    | || | |_   __ \    | || | |_   ___  |  | || |     /  \     | || | |_   ___ `.  | |
| |   | |_  \_|  | || |    / /\ \    | || |  |  (__ \_|  | || |    / /\ \    | || |    | |__) |  | || |      | |     | || |    ______    | || |    | |_) |   | || |   | |__) |   | || |   | |_  \_|  | || |    / /\ \    | || |   | |   `. \ | |
| |   |  _|      | || |   / ____ \   | || |   '.___`-.   | || |   / ____ \   | || |    |  ___/   | || |      | |     | || |   |______|   | || |    |  __'.   | || |   |  __ /    | || |   |  _|  _   | || |   / ____ \   | || |   | |    | | | |
| |  _| |_       | || | _/ /    \ \_ | || |  |`\____) |  | || | _/ /    \ \_ | || |   _| |_      | || |     _| |_    | || |              | || |   _| |__) |  | || |  _| |  \ \_  | || |  _| |___/ |  | || | _/ /    \ \_ | || |  _| |___.' / | |
| | |_____|      | || ||____|  |____|| || |  |_______.'  | || ||____|  |____|| || |  |_____|     | || |    |_____|   | || |              | || |  |_______/   | || | |____| |___| | || | |_________|  | || ||____|  |____|| || | |________.'  | |
| |              | || |              | || |              | || |              | || |              | || |              | || |              | || |              | || |              | || |              | || |              | || |              | |
| '--------------' || '--------------' || '--------------' || '--------------' || '--------------' || '--------------' || '--------------' || '--------------' || '--------------' || '--------------' || '--------------' || '--------------' |
 '----------------'  '----------------'  '----------------'  '----------------'  '----------------'  '----------------'  '----------------'  '----------------'  '----------------'  '----------------'  '----------------'  '----------------' 

2024-08-08 17:14:39.585 | INFO     | app:init_create_table:29 - 初始化数据库连接...
2024-08-08 17:14:39.706 | INFO     | app:init_create_table:32 - 数据库连接成功
2024-08-08 17:14:39.707 | INFO     | app.apis:register_routers:16 - 注册路由
2024-08-08 17:14:39.708 | INFO     | app:lifespan:43 - FasAPI-Bread 启动成功
2024-08-08 17:15:00.822 | INFO     | app:lifespan:46 - FasAPI-Bread 关闭成功
2024-08-08 17:15:02.309 | INFO     | app:lifespan:39 - FasAPI-Bread 开始启动
2024-08-08 17:15:02.310 | SUCCESS  | app:lifespan:40 - 
 .----------------.  .----------------.  .----------------.  .----------------.  .----------------.  .----------------.  .----------------.  .----------------.  .----------------.  .----------------.  .----------------.  .----------------. 
| .--------------. || .--------------. || .--------------. || .--------------. || .--------------. || .--------------. || .--------------. || .--------------. || .--------------. || .--------------. || .--------------. || .--------------. |
| |  _________   | || |      __      | || |    _______   | || |      __      | || |   ______     | || |     _____    | || |              | || |   ______     | || |  _______     | || |  _________   | || |      __      | || |  ________    | |
| | |_   ___  |  | || |     /  \     | || |   /  ___  |  | || |     /  \     | || |  |_   __ \   | || |    |_   _|   | || |              | || |  |_   _ \    | || | |_   __ \    | || | |_   ___  |  | || |     /  \     | || | |_   ___ `.  | |
| |   | |_  \_|  | || |    / /\ \    | || |  |  (__ \_|  | || |    / /\ \    | || |    | |__) |  | || |      | |     | || |    ______    | || |    | |_) |   | || |   | |__) |   | || |   | |_  \_|  | || |    / /\ \    | || |   | |   `. \ | |
| |   |  _|      | || |   / ____ \   | || |   '.___`-.   | || |   / ____ \   | || |    |  ___/   | || |      | |     | || |   |______|   | || |    |  __'.   | || |   |  __ /    | || |   |  _|  _   | || |   / ____ \   | || |   | |    | | | |
| |  _| |_       | || | _/ /    \ \_ | || |  |`\____) |  | || | _/ /    \ \_ | || |   _| |_      | || |     _| |_    | || |              | || |   _| |__) |  | || |  _| |  \ \_  | || |  _| |___/ |  | || | _/ /    \ \_ | || |  _| |___.' / | |
| | |_____|      | || ||____|  |____|| || |  |_______.'  | || ||____|  |____|| || |  |_____|     | || |    |_____|   | || |              | || |  |_______/   | || | |____| |___| | || | |_________|  | || ||____|  |____|| || | |________.'  | |
| |              | || |              | || |              | || |              | || |              | || |              | || |              | || |              | || |              | || |              | || |              | || |              | |
| '--------------' || '--------------' || '--------------' || '--------------' || '--------------' || '--------------' || '--------------' || '--------------' || '--------------' || '--------------' || '--------------' || '--------------' |
 '----------------'  '----------------'  '----------------'  '----------------'  '----------------'  '----------------'  '----------------'  '----------------'  '----------------'  '----------------'  '----------------'  '----------------' 

2024-08-08 17:15:02.311 | INFO     | app:init_create_table:29 - 初始化数据库连接...
2024-08-08 17:15:02.443 | INFO     | app:init_create_table:32 - 数据库连接成功
2024-08-08 17:15:02.444 | INFO     | app.apis:register_routers:16 - 注册路由
2024-08-08 17:15:02.444 | INFO     | app:lifespan:43 - FasAPI-Bread 启动成功
2024-08-08 17:15:23.813 | INFO     | app:lifespan:46 - FasAPI-Bread 关闭成功
2024-08-08 17:15:25.202 | INFO     | app:lifespan:39 - FasAPI-Bread 开始启动
2024-08-08 17:15:25.203 | SUCCESS  | app:lifespan:40 - 
 .----------------.  .----------------.  .----------------.  .----------------.  .----------------.  .----------------.  .----------------.  .----------------.  .----------------.  .----------------.  .----------------.  .----------------. 
| .--------------. || .--------------. || .--------------. || .--------------. || .--------------. || .--------------. || .--------------. || .--------------. || .--------------. || .--------------. || .--------------. || .--------------. |
| |  _________   | || |      __      | || |    _______   | || |      __      | || |   ______     | || |     _____    | || |              | || |   ______     | || |  _______     | || |  _________   | || |      __      | || |  ________    | |
| | |_   ___  |  | || |     /  \     | || |   /  ___  |  | || |     /  \     | || |  |_   __ \   | || |    |_   _|   | || |              | || |  |_   _ \    | || | |_   __ \    | || | |_   ___  |  | || |     /  \     | || | |_   ___ `.  | |
| |   | |_  \_|  | || |    / /\ \    | || |  |  (__ \_|  | || |    / /\ \    | || |    | |__) |  | || |      | |     | || |    ______    | || |    | |_) |   | || |   | |__) |   | || |   | |_  \_|  | || |    / /\ \    | || |   | |   `. \ | |
| |   |  _|      | || |   / ____ \   | || |   '.___`-.   | || |   / ____ \   | || |    |  ___/   | || |      | |     | || |   |______|   | || |    |  __'.   | || |   |  __ /    | || |   |  _|  _   | || |   / ____ \   | || |   | |    | | | |
| |  _| |_       | || | _/ /    \ \_ | || |  |`\____) |  | || | _/ /    \ \_ | || |   _| |_      | || |     _| |_    | || |              | || |   _| |__) |  | || |  _| |  \ \_  | || |  _| |___/ |  | || | _/ /    \ \_ | || |  _| |___.' / | |
| | |_____|      | || ||____|  |____|| || |  |_______.'  | || ||____|  |____|| || |  |_____|     | || |    |_____|   | || |              | || |  |_______/   | || | |____| |___| | || | |_________|  | || ||____|  |____|| || | |________.'  | |
| |              | || |              | || |              | || |              | || |              | || |              | || |              | || |              | || |              | || |              | || |              | || |              | |
| '--------------' || '--------------' || '--------------' || '--------------' || '--------------' || '--------------' || '--------------' || '--------------' || '--------------' || '--------------' || '--------------' || '--------------' |
 '----------------'  '----------------'  '----------------'  '----------------'  '----------------'  '----------------'  '----------------'  '----------------'  '----------------'  '----------------'  '----------------'  '----------------' 

2024-08-08 17:15:25.204 | INFO     | app:init_create_table:29 - 初始化数据库连接...
2024-08-08 17:15:25.319 | INFO     | app:init_create_table:32 - 数据库连接成功
2024-08-08 17:15:25.320 | INFO     | app.apis:register_routers:16 - 注册路由
2024-08-08 17:15:25.321 | INFO     | app:lifespan:43 - FasAPI-Bread 启动成功
2024-08-08 17:15:29.194 | INFO     | app.middlewares.middlewares:dispatch:50 - --> e62bf279-6759-4e9c-8d97-201c59c7ddf7 GET /docs 127.0.0.1
2024-08-08 17:15:29.196 | INFO     | app.middlewares.middlewares:dispatch:69 - <-- e62bf279-6759-4e9c-8d97-201c59c7ddf7 200 /docs (took: 0.001430s)

2024-08-08 17:15:29.507 | INFO     | app.middlewares.middlewares:dispatch:50 - --> 894fc39a-29b3-43e4-832b-848288a0b188 GET /openapi.json 127.0.0.1
2024-08-08 17:15:29.510 | INFO     | app.middlewares.middlewares:dispatch:69 - <-- 894fc39a-29b3-43e4-832b-848288a0b188 200 /openapi.json (took: 0.003210s)

2024-08-08 17:15:41.062 | INFO     | app.middlewares.middlewares:dispatch:50 - --> ff947950-6fa5-4d47-916a-d401ada47bc3 POST /api/v1/login 127.0.0.1
2024-08-08 17:15:41.063 | INFO     | app.middlewares.middlewares:dispatch:69 - <-- ff947950-6fa5-4d47-916a-d401ada47bc3 200 /api/v1/login (took: 0.001152s)

2024-08-08 17:16:00.920 | INFO     | app.middlewares.middlewares:dispatch:50 - --> 8f47cda9-262a-4989-900e-f5162de8e06b POST /api/v1/system/user/login 127.0.0.1
2024-08-08 17:16:00.923 | INFO     | app.middlewares.middlewares:dispatch:69 - <-- 8f47cda9-262a-4989-900e-f5162de8e06b 200 /api/v1/system/user/login (took: 0.003276s)

2024-08-08 17:17:34.303 | INFO     | app:lifespan:46 - FasAPI-Bread 关闭成功
2024-08-08 17:17:35.900 | INFO     | app:lifespan:39 - FasAPI-Bread 开始启动
2024-08-08 17:17:35.900 | SUCCESS  | app:lifespan:40 - 
 .----------------.  .----------------.  .----------------.  .----------------.  .----------------.  .----------------.  .----------------.  .----------------.  .----------------.  .----------------.  .----------------.  .----------------. 
| .--------------. || .--------------. || .--------------. || .--------------. || .--------------. || .--------------. || .--------------. || .--------------. || .--------------. || .--------------. || .--------------. || .--------------. |
| |  _________   | || |      __      | || |    _______   | || |      __      | || |   ______     | || |     _____    | || |              | || |   ______     | || |  _______     | || |  _________   | || |      __      | || |  ________    | |
| | |_   ___  |  | || |     /  \     | || |   /  ___  |  | || |     /  \     | || |  |_   __ \   | || |    |_   _|   | || |              | || |  |_   _ \    | || | |_   __ \    | || | |_   ___  |  | || |     /  \     | || | |_   ___ `.  | |
| |   | |_  \_|  | || |    / /\ \    | || |  |  (__ \_|  | || |    / /\ \    | || |    | |__) |  | || |      | |     | || |    ______    | || |    | |_) |   | || |   | |__) |   | || |   | |_  \_|  | || |    / /\ \    | || |   | |   `. \ | |
| |   |  _|      | || |   / ____ \   | || |   '.___`-.   | || |   / ____ \   | || |    |  ___/   | || |      | |     | || |   |______|   | || |    |  __'.   | || |   |  __ /    | || |   |  _|  _   | || |   / ____ \   | || |   | |    | | | |
| |  _| |_       | || | _/ /    \ \_ | || |  |`\____) |  | || | _/ /    \ \_ | || |   _| |_      | || |     _| |_    | || |              | || |   _| |__) |  | || |  _| |  \ \_  | || |  _| |___/ |  | || | _/ /    \ \_ | || |  _| |___.' / | |
| | |_____|      | || ||____|  |____|| || |  |_______.'  | || ||____|  |____|| || |  |_____|     | || |    |_____|   | || |              | || |  |_______/   | || | |____| |___| | || | |_________|  | || ||____|  |____|| || | |________.'  | |
| |              | || |              | || |              | || |              | || |              | || |              | || |              | || |              | || |              | || |              | || |              | || |              | |
| '--------------' || '--------------' || '--------------' || '--------------' || '--------------' || '--------------' || '--------------' || '--------------' || '--------------' || '--------------' || '--------------' || '--------------' |
 '----------------'  '----------------'  '----------------'  '----------------'  '----------------'  '----------------'  '----------------'  '----------------'  '----------------'  '----------------'  '----------------'  '----------------' 

2024-08-08 17:17:35.901 | INFO     | app:init_create_table:29 - 初始化数据库连接...
2024-08-08 17:17:36.024 | INFO     | app:init_create_table:32 - 数据库连接成功
2024-08-08 17:17:36.024 | INFO     | app.apis:register_routers:16 - 注册路由
2024-08-08 17:17:36.025 | INFO     | app:lifespan:43 - FasAPI-Bread 启动成功
2024-08-08 17:17:39.974 | INFO     | app.middlewares.middlewares:dispatch:50 - --> 99258179-e513-4703-ab9f-0aced7365522 POST /api/v1/system/user/login 127.0.0.1
2024-08-08 17:17:39.977 | INFO     | app.middlewares.middlewares:dispatch:69 - <-- 99258179-e513-4703-ab9f-0aced7365522 200 /api/v1/system/user/login (took: 0.002911s)

2024-08-08 17:17:50.561 | INFO     | app.middlewares.middlewares:dispatch:50 - --> 3007c0c5-40b9-4e72-bf08-9482319c64de GET /docs 127.0.0.1
2024-08-08 17:17:50.562 | INFO     | app.middlewares.middlewares:dispatch:69 - <-- 3007c0c5-40b9-4e72-bf08-9482319c64de 200 /docs (took: 0.001090s)

2024-08-08 17:17:50.871 | INFO     | app.middlewares.middlewares:dispatch:50 - --> 9254f727-8495-4fbb-a89c-0b16cab40cfd GET /openapi.json 127.0.0.1
2024-08-08 17:17:50.875 | INFO     | app.middlewares.middlewares:dispatch:69 - <-- 9254f727-8495-4fbb-a89c-0b16cab40cfd 200 /openapi.json (took: 0.004122s)

2024-08-08 17:17:53.927 | INFO     | app.middlewares.middlewares:dispatch:50 - --> 8b72da62-2b21-4445-8671-e76bf49f87bb GET /docs 127.0.0.1
2024-08-08 17:17:53.928 | INFO     | app.middlewares.middlewares:dispatch:69 - <-- 8b72da62-2b21-4445-8671-e76bf49f87bb 200 /docs (took: 0.000813s)

2024-08-08 17:17:54.036 | INFO     | app.middlewares.middlewares:dispatch:50 - --> 8f63e38e-ad26-40fe-a974-d3676fe3a65a GET /openapi.json 127.0.0.1
2024-08-08 17:17:54.038 | INFO     | app.middlewares.middlewares:dispatch:69 - <-- 8f63e38e-ad26-40fe-a974-d3676fe3a65a 200 /openapi.json (took: 0.001660s)

2024-08-08 17:17:58.861 | INFO     | app.middlewares.middlewares:dispatch:50 - --> 326d17e1-af8b-49e8-a058-7ec8ccd685d1 POST /api/v1/login 127.0.0.1
2024-08-08 17:17:58.862 | INFO     | app.middlewares.middlewares:dispatch:69 - <-- 326d17e1-af8b-49e8-a058-7ec8ccd685d1 200 /api/v1/login (took: 0.000967s)

2024-08-08 17:18:09.183 | INFO     | app.middlewares.middlewares:dispatch:50 - --> 26eae603-36ce-47d6-a371-84ec3456cc04 POST /api/v1/system/user/login 127.0.0.1
2024-08-08 17:18:09.184 | INFO     | app.middlewares.middlewares:dispatch:69 - <-- 26eae603-36ce-47d6-a371-84ec3456cc04 200 /api/v1/system/user/login (took: 0.001336s)

2024-08-08 17:19:30.647 | INFO     | app:lifespan:46 - FasAPI-Bread 关闭成功
2024-08-08 17:20:07.348 | INFO     | app:lifespan:39 - FasAPI-Bread 开始启动
2024-08-08 17:20:07.349 | SUCCESS  | app:lifespan:40 - 
 .----------------.  .----------------.  .----------------.  .----------------.  .----------------.  .----------------.  .----------------.  .----------------.  .----------------.  .----------------.  .----------------.  .----------------. 
| .--------------. || .--------------. || .--------------. || .--------------. || .--------------. || .--------------. || .--------------. || .--------------. || .--------------. || .--------------. || .--------------. || .--------------. |
| |  _________   | || |      __      | || |    _______   | || |      __      | || |   ______     | || |     _____    | || |              | || |   ______     | || |  _______     | || |  _________   | || |      __      | || |  ________    | |
| | |_   ___  |  | || |     /  \     | || |   /  ___  |  | || |     /  \     | || |  |_   __ \   | || |    |_   _|   | || |              | || |  |_   _ \    | || | |_   __ \    | || | |_   ___  |  | || |     /  \     | || | |_   ___ `.  | |
| |   | |_  \_|  | || |    / /\ \    | || |  |  (__ \_|  | || |    / /\ \    | || |    | |__) |  | || |      | |     | || |    ______    | || |    | |_) |   | || |   | |__) |   | || |   | |_  \_|  | || |    / /\ \    | || |   | |   `. \ | |
| |   |  _|      | || |   / ____ \   | || |   '.___`-.   | || |   / ____ \   | || |    |  ___/   | || |      | |     | || |   |______|   | || |    |  __'.   | || |   |  __ /    | || |   |  _|  _   | || |   / ____ \   | || |   | |    | | | |
| |  _| |_       | || | _/ /    \ \_ | || |  |`\____) |  | || | _/ /    \ \_ | || |   _| |_      | || |     _| |_    | || |              | || |   _| |__) |  | || |  _| |  \ \_  | || |  _| |___/ |  | || | _/ /    \ \_ | || |  _| |___.' / | |
| | |_____|      | || ||____|  |____|| || |  |_______.'  | || ||____|  |____|| || |  |_____|     | || |    |_____|   | || |              | || |  |_______/   | || | |____| |___| | || | |_________|  | || ||____|  |____|| || | |________.'  | |
| |              | || |              | || |              | || |              | || |              | || |              | || |              | || |              | || |              | || |              | || |              | || |              | |
| '--------------' || '--------------' || '--------------' || '--------------' || '--------------' || '--------------' || '--------------' || '--------------' || '--------------' || '--------------' || '--------------' || '--------------' |
 '----------------'  '----------------'  '----------------'  '----------------'  '----------------'  '----------------'  '----------------'  '----------------'  '----------------'  '----------------'  '----------------'  '----------------' 

2024-08-08 17:20:07.350 | INFO     | app:init_create_table:29 - 初始化数据库连接...
2024-08-08 17:20:07.471 | INFO     | app:init_create_table:32 - 数据库连接成功
2024-08-08 17:20:07.471 | INFO     | app.apis:register_routers:16 - 注册路由
2024-08-08 17:20:07.472 | INFO     | app:lifespan:43 - FasAPI-Bread 启动成功
2024-08-08 17:20:11.367 | INFO     | app.middlewares.middlewares:dispatch:50 - --> ee930874-6b1c-4431-8010-04c50697c95c POST /api/v1/system/user/login 127.0.0.1
2024-08-08 17:20:11.369 | INFO     | app.middlewares.middlewares:dispatch:69 - <-- ee930874-6b1c-4431-8010-04c50697c95c 200 /api/v1/system/user/login (took: 0.002399s)

2024-08-08 17:20:25.796 | INFO     | app.middlewares.middlewares:dispatch:50 - --> 100dc3b3-057d-484f-9533-2b748aa27cae GET /docs 127.0.0.1
2024-08-08 17:20:25.798 | INFO     | app.middlewares.middlewares:dispatch:69 - <-- 100dc3b3-057d-484f-9533-2b748aa27cae 200 /docs (took: 0.001411s)

2024-08-08 17:20:25.931 | INFO     | app.middlewares.middlewares:dispatch:50 - --> 3277d2df-15fa-451d-b02d-bab5028406b0 GET /openapi.json 127.0.0.1
2024-08-08 17:20:25.935 | INFO     | app.middlewares.middlewares:dispatch:69 - <-- 3277d2df-15fa-451d-b02d-bab5028406b0 200 /openapi.json (took: 0.004679s)

2024-08-08 17:20:29.670 | INFO     | app.middlewares.middlewares:dispatch:50 - --> 0ad95234-1050-41c2-b3b7-73d683189c94 POST /api/v1/system/user/login 127.0.0.1
2024-08-08 17:20:29.672 | WARNING  | app.exceptions.exception_handler:http_exception_handler:32 - Http请求异常
Method:POST
URL:http://127.0.0.1:9099/api/v1/system/user/login
Headers:Headers({'host': '127.0.0.1:9099', 'connection': 'keep-alive', 'content-length': '0', 'sec-ch-ua': '"Not)A;Brand";v="99", "Google Chrome";v="127", "Chromium";v="127"', 'accept': 'application/json', 'sec-ch-ua-mobile': '?0', 'user-agent': 'Mozilla/5.0 (Windows NT 10.0; Win64; x64) AppleWebKit/537.36 (KHTML, like Gecko) Chrome/127.0.0.0 Safari/537.36', 'sec-ch-ua-platform': '"Windows"', 'origin': 'http://127.0.0.1:9099', 'sec-fetch-site': 'same-origin', 'sec-fetch-mode': 'cors', 'sec-fetch-dest': 'empty', 'referer': 'http://127.0.0.1:9099/docs', 'accept-encoding': 'gzip, deflate, br, zstd', 'accept-language': 'zh-CN,zh;q=0.9'})
Code:401
Message:Not authenticated

2024-08-08 17:20:29.675 | INFO     | app.middlewares.middlewares:dispatch:69 - <-- 0ad95234-1050-41c2-b3b7-73d683189c94 401 /api/v1/system/user/login (took: 0.004477s)

2024-08-08 17:20:37.062 | INFO     | app.middlewares.middlewares:dispatch:50 - --> be233f3d-10d6-4b3a-999c-62d70e77d398 POST /api/v1/login 127.0.0.1
2024-08-08 17:20:37.064 | INFO     | app.middlewares.middlewares:dispatch:69 - <-- be233f3d-10d6-4b3a-999c-62d70e77d398 200 /api/v1/login (took: 0.001306s)

2024-08-08 17:20:40.503 | INFO     | app.middlewares.middlewares:dispatch:50 - --> 27735fc2-4d80-4329-9b4d-8d441a239994 POST /api/v1/system/user/login 127.0.0.1
2024-08-08 17:20:40.505 | INFO     | app.middlewares.middlewares:dispatch:69 - <-- 27735fc2-4d80-4329-9b4d-8d441a239994 200 /api/v1/system/user/login (took: 0.001756s)

2024-08-08 17:21:25.634 | INFO     | app:lifespan:46 - FasAPI-Bread 关闭成功
2024-08-08 17:21:27.137 | INFO     | app:lifespan:39 - FasAPI-Bread 开始启动
2024-08-08 17:21:27.137 | SUCCESS  | app:lifespan:40 - 
 .----------------.  .----------------.  .----------------.  .----------------.  .----------------.  .----------------.  .----------------.  .----------------.  .----------------.  .----------------.  .----------------.  .----------------. 
| .--------------. || .--------------. || .--------------. || .--------------. || .--------------. || .--------------. || .--------------. || .--------------. || .--------------. || .--------------. || .--------------. || .--------------. |
| |  _________   | || |      __      | || |    _______   | || |      __      | || |   ______     | || |     _____    | || |              | || |   ______     | || |  _______     | || |  _________   | || |      __      | || |  ________    | |
| | |_   ___  |  | || |     /  \     | || |   /  ___  |  | || |     /  \     | || |  |_   __ \   | || |    |_   _|   | || |              | || |  |_   _ \    | || | |_   __ \    | || | |_   ___  |  | || |     /  \     | || | |_   ___ `.  | |
| |   | |_  \_|  | || |    / /\ \    | || |  |  (__ \_|  | || |    / /\ \    | || |    | |__) |  | || |      | |     | || |    ______    | || |    | |_) |   | || |   | |__) |   | || |   | |_  \_|  | || |    / /\ \    | || |   | |   `. \ | |
| |   |  _|      | || |   / ____ \   | || |   '.___`-.   | || |   / ____ \   | || |    |  ___/   | || |      | |     | || |   |______|   | || |    |  __'.   | || |   |  __ /    | || |   |  _|  _   | || |   / ____ \   | || |   | |    | | | |
| |  _| |_       | || | _/ /    \ \_ | || |  |`\____) |  | || | _/ /    \ \_ | || |   _| |_      | || |     _| |_    | || |              | || |   _| |__) |  | || |  _| |  \ \_  | || |  _| |___/ |  | || | _/ /    \ \_ | || |  _| |___.' / | |
| | |_____|      | || ||____|  |____|| || |  |_______.'  | || ||____|  |____|| || |  |_____|     | || |    |_____|   | || |              | || |  |_______/   | || | |____| |___| | || | |_________|  | || ||____|  |____|| || | |________.'  | |
| |              | || |              | || |              | || |              | || |              | || |              | || |              | || |              | || |              | || |              | || |              | || |              | |
| '--------------' || '--------------' || '--------------' || '--------------' || '--------------' || '--------------' || '--------------' || '--------------' || '--------------' || '--------------' || '--------------' || '--------------' |
 '----------------'  '----------------'  '----------------'  '----------------'  '----------------'  '----------------'  '----------------'  '----------------'  '----------------'  '----------------'  '----------------'  '----------------' 

2024-08-08 17:21:27.138 | INFO     | app:init_create_table:29 - 初始化数据库连接...
2024-08-08 17:21:27.261 | INFO     | app:init_create_table:32 - 数据库连接成功
2024-08-08 17:21:27.261 | INFO     | app.apis:register_routers:16 - 注册路由
2024-08-08 17:21:27.262 | INFO     | app:lifespan:43 - FasAPI-Bread 启动成功
2024-08-08 17:21:31.627 | INFO     | app.middlewares.middlewares:dispatch:50 - --> de19c696-1e36-4519-9480-c9252a662e27 POST /api/v1/system/user/login 127.0.0.1
2024-08-08 17:21:31.629 | INFO     | app.middlewares.middlewares:dispatch:69 - <-- de19c696-1e36-4519-9480-c9252a662e27 200 /api/v1/system/user/login (took: 0.001970s)

2024-08-08 17:24:37.098 | INFO     | app.middlewares.middlewares:dispatch:50 - --> ef8dce75-11ac-42ef-8767-0478e0e2d14b POST /api/v1/system/user/login 127.0.0.1
2024-08-08 17:24:37.100 | INFO     | app.middlewares.middlewares:dispatch:69 - <-- ef8dce75-11ac-42ef-8767-0478e0e2d14b 200 /api/v1/system/user/login (took: 0.002379s)

2024-08-08 17:27:29.117 | INFO     | app:lifespan:46 - FasAPI-Bread 关闭成功
2024-08-08 17:27:30.582 | INFO     | app:lifespan:39 - FasAPI-Bread 开始启动
2024-08-08 17:27:30.582 | SUCCESS  | app:lifespan:40 - 
 .----------------.  .----------------.  .----------------.  .----------------.  .----------------.  .----------------.  .----------------.  .----------------.  .----------------.  .----------------.  .----------------.  .----------------. 
| .--------------. || .--------------. || .--------------. || .--------------. || .--------------. || .--------------. || .--------------. || .--------------. || .--------------. || .--------------. || .--------------. || .--------------. |
| |  _________   | || |      __      | || |    _______   | || |      __      | || |   ______     | || |     _____    | || |              | || |   ______     | || |  _______     | || |  _________   | || |      __      | || |  ________    | |
| | |_   ___  |  | || |     /  \     | || |   /  ___  |  | || |     /  \     | || |  |_   __ \   | || |    |_   _|   | || |              | || |  |_   _ \    | || | |_   __ \    | || | |_   ___  |  | || |     /  \     | || | |_   ___ `.  | |
| |   | |_  \_|  | || |    / /\ \    | || |  |  (__ \_|  | || |    / /\ \    | || |    | |__) |  | || |      | |     | || |    ______    | || |    | |_) |   | || |   | |__) |   | || |   | |_  \_|  | || |    / /\ \    | || |   | |   `. \ | |
| |   |  _|      | || |   / ____ \   | || |   '.___`-.   | || |   / ____ \   | || |    |  ___/   | || |      | |     | || |   |______|   | || |    |  __'.   | || |   |  __ /    | || |   |  _|  _   | || |   / ____ \   | || |   | |    | | | |
| |  _| |_       | || | _/ /    \ \_ | || |  |`\____) |  | || | _/ /    \ \_ | || |   _| |_      | || |     _| |_    | || |              | || |   _| |__) |  | || |  _| |  \ \_  | || |  _| |___/ |  | || | _/ /    \ \_ | || |  _| |___.' / | |
| | |_____|      | || ||____|  |____|| || |  |_______.'  | || ||____|  |____|| || |  |_____|     | || |    |_____|   | || |              | || |  |_______/   | || | |____| |___| | || | |_________|  | || ||____|  |____|| || | |________.'  | |
| |              | || |              | || |              | || |              | || |              | || |              | || |              | || |              | || |              | || |              | || |              | || |              | |
| '--------------' || '--------------' || '--------------' || '--------------' || '--------------' || '--------------' || '--------------' || '--------------' || '--------------' || '--------------' || '--------------' || '--------------' |
 '----------------'  '----------------'  '----------------'  '----------------'  '----------------'  '----------------'  '----------------'  '----------------'  '----------------'  '----------------'  '----------------'  '----------------' 

2024-08-08 17:27:30.583 | INFO     | app:init_create_table:29 - 初始化数据库连接...
2024-08-08 17:27:30.724 | INFO     | app:init_create_table:32 - 数据库连接成功
2024-08-08 17:27:30.725 | INFO     | app.apis:register_routers:16 - 注册路由
2024-08-08 17:27:30.727 | INFO     | app:lifespan:43 - FasAPI-Bread 启动成功
2024-08-08 17:27:34.379 | INFO     | app.middlewares.middlewares:dispatch:50 - --> 5163e1eb-cfdb-4f7a-8b7c-a13eef0c1b5d GET /docs 127.0.0.1
2024-08-08 17:27:34.381 | INFO     | app.middlewares.middlewares:dispatch:69 - <-- 5163e1eb-cfdb-4f7a-8b7c-a13eef0c1b5d 200 /docs (took: 0.001919s)

2024-08-08 17:27:34.703 | INFO     | app.middlewares.middlewares:dispatch:50 - --> 3af99f7f-b3fd-42cb-81c6-8495c74b36b6 GET /openapi.json 127.0.0.1
2024-08-08 17:27:34.706 | INFO     | app.middlewares.middlewares:dispatch:69 - <-- 3af99f7f-b3fd-42cb-81c6-8495c74b36b6 200 /openapi.json (took: 0.002780s)

2024-08-08 17:27:53.178 | INFO     | app.middlewares.middlewares:dispatch:50 - --> dd5efdf1-ff11-4c62-8272-472734831ded POST /api/v1/login 127.0.0.1
2024-08-08 17:27:53.179 | INFO     | app.middlewares.middlewares:dispatch:69 - <-- dd5efdf1-ff11-4c62-8272-472734831ded 200 /api/v1/login (took: 0.001051s)

2024-08-08 17:28:12.732 | INFO     | app.middlewares.middlewares:dispatch:50 - --> 8755eb73-199d-442f-83ea-6c41fb98868c POST /api/v1/system/user/login 127.0.0.1
2024-08-08 17:28:12.733 | INFO     | app.middlewares.middlewares:dispatch:52 - --> 8755eb73-199d-442f-83ea-6c41fb98868c Query Params: args=123&kwargs=123
2024-08-08 17:28:12.764 | ERROR    | app.exceptions.exception_handler:global_exception_handler:98 - 系统异常,   + Exception Group Traceback (most recent call last):
  |   File "D:\bread\.venv\Lib\site-packages\starlette\_utils.py", line 87, in collapse_excgroups
  |     yield
  |   File "D:\bread\.venv\Lib\site-packages\starlette\middleware\base.py", line 190, in __call__
  |     async with anyio.create_task_group() as task_group:
  |   File "D:\bread\.venv\Lib\site-packages\anyio\_backends\_asyncio.py", line 680, in __aexit__
  |     raise BaseExceptionGroup(
  | ExceptionGroup: unhandled errors in a TaskGroup (1 sub-exception)
  +-+---------------- 1 ----------------
    | Traceback (most recent call last):
    |   File "D:\bread\.venv\Lib\site-packages\starlette\middleware\errors.py", line 164, in __call__
    |     await self.app(scope, receive, _send)
    |   File "D:\bread\.venv\Lib\site-packages\starlette\middleware\cors.py", line 93, in __call__
    |     await self.simple_response(scope, receive, send, request_headers=headers)
    |   File "D:\bread\.venv\Lib\site-packages\starlette\middleware\cors.py", line 148, in simple_response
    |     await self.app(scope, receive, send)
    |   File "D:\bread\.venv\Lib\site-packages\starlette\middleware\base.py", line 189, in __call__
    |     with collapse_excgroups():
    |   File "C:\Users\v_wieszheng\AppData\Local\Programs\Python\Python312\Lib\contextlib.py", line 155, in __exit__
    |     self.gen.throw(value)
    |   File "D:\bread\.venv\Lib\site-packages\starlette\_utils.py", line 93, in collapse_excgroups
    |     raise exc
    |   File "D:\bread\.venv\Lib\site-packages\starlette\middleware\base.py", line 191, in __call__
    |     response = await self.dispatch_func(request, call_next)
    |                ^^^^^^^^^^^^^^^^^^^^^^^^^^^^^^^^^^^^^^^^^^^^
    |   File "D:\bread\app\middlewares\middlewares.py", line 64, in dispatch
    |     response = await call_next(request)
    |                ^^^^^^^^^^^^^^^^^^^^^^^^
    |   File "D:\bread\.venv\Lib\site-packages\starlette\middleware\base.py", line 165, in call_next
    |     raise app_exc
    |   File "D:\bread\.venv\Lib\site-packages\starlette\middleware\base.py", line 151, in coro
    |     await self.app(scope, receive_or_disconnect, send_no_error)
    |   File "D:\bread\.venv\Lib\site-packages\starlette\middleware\exceptions.py", line 65, in __call__
    |     await wrap_app_handling_exceptions(self.app, conn)(scope, receive, send)
    |   File "D:\bread\.venv\Lib\site-packages\starlette\_exception_handler.py", line 64, in wrapped_app
    |     raise exc
    |   File "D:\bread\.venv\Lib\site-packages\starlette\_exception_handler.py", line 53, in wrapped_app
    |     await app(scope, receive, sender)
    |   File "D:\bread\.venv\Lib\site-packages\starlette\routing.py", line 756, in __call__
    |     await self.middleware_stack(scope, receive, send)
    |   File "D:\bread\.venv\Lib\site-packages\starlette\routing.py", line 776, in app
    |     await route.handle(scope, receive, send)
    |   File "D:\bread\.venv\Lib\site-packages\starlette\routing.py", line 297, in handle
    |     await self.app(scope, receive, send)
    |   File "D:\bread\.venv\Lib\site-packages\starlette\routing.py", line 77, in app
    |     await wrap_app_handling_exceptions(app, request)(scope, receive, send)
    |   File "D:\bread\.venv\Lib\site-packages\starlette\_exception_handler.py", line 64, in wrapped_app
    |     raise exc
    |   File "D:\bread\.venv\Lib\site-packages\starlette\_exception_handler.py", line 53, in wrapped_app
    |     await app(scope, receive, sender)
    |   File "D:\bread\.venv\Lib\site-packages\starlette\routing.py", line 72, in app
    |     response = await func(request)
    |                ^^^^^^^^^^^^^^^^^^^
    |   File "D:\bread\.venv\Lib\site-packages\fastapi\routing.py", line 269, in app
    |     solved_result = await solve_dependencies(
    |                     ^^^^^^^^^^^^^^^^^^^^^^^^^
    |   File "D:\bread\.venv\Lib\site-packages\fastapi\dependencies\utils.py", line 602, in solve_dependencies
    |     solved = await run_in_threadpool(call, **sub_values)
    |              ^^^^^^^^^^^^^^^^^^^^^^^^^^^^^^^^^^^^^^^^^^^
    |   File "D:\bread\.venv\Lib\site-packages\starlette\concurrency.py", line 42, in run_in_threadpool
    |     return await anyio.to_thread.run_sync(func, *args)
    |            ^^^^^^^^^^^^^^^^^^^^^^^^^^^^^^^^^^^^^^^^^^^
    |   File "D:\bread\.venv\Lib\site-packages\anyio\to_thread.py", line 56, in run_sync
    |     return await get_async_backend().run_sync_in_worker_thread(
    |            ^^^^^^^^^^^^^^^^^^^^^^^^^^^^^^^^^^^^^^^^^^^^^^^^^^^^
    |   File "D:\bread\.venv\Lib\site-packages\anyio\_backends\_asyncio.py", line 2177, in run_sync_in_worker_thread
    |     return await future
    |            ^^^^^^^^^^^^
    |   File "D:\bread\.venv\Lib\site-packages\anyio\_backends\_asyncio.py", line 859, in run
    |     result = context.run(func, *args)
    |              ^^^^^^^^^^^^^^^^^^^^^^^^
    |   File "C:\Users\v_wieszheng\AppData\Local\Programs\Python\Python312\Lib\typing.py", line 525, in __new__
    |     raise TypeError("Any cannot be instantiated")
    | TypeError: Any cannot be instantiated
    +------------------------------------

During handling of the above exception, another exception occurred:

Traceback (most recent call last):
  File "D:\bread\.venv\Lib\site-packages\starlette\middleware\errors.py", line 164, in __call__
    await self.app(scope, receive, _send)
  File "D:\bread\.venv\Lib\site-packages\starlette\middleware\cors.py", line 93, in __call__
    await self.simple_response(scope, receive, send, request_headers=headers)
  File "D:\bread\.venv\Lib\site-packages\starlette\middleware\cors.py", line 148, in simple_response
    await self.app(scope, receive, send)
  File "D:\bread\.venv\Lib\site-packages\starlette\middleware\base.py", line 189, in __call__
    with collapse_excgroups():
  File "C:\Users\v_wieszheng\AppData\Local\Programs\Python\Python312\Lib\contextlib.py", line 155, in __exit__
    self.gen.throw(value)
  File "D:\bread\.venv\Lib\site-packages\starlette\_utils.py", line 93, in collapse_excgroups
    raise exc
  File "D:\bread\.venv\Lib\site-packages\starlette\middleware\base.py", line 191, in __call__
    response = await self.dispatch_func(request, call_next)
               ^^^^^^^^^^^^^^^^^^^^^^^^^^^^^^^^^^^^^^^^^^^^
  File "D:\bread\app\middlewares\middlewares.py", line 64, in dispatch
    response = await call_next(request)
               ^^^^^^^^^^^^^^^^^^^^^^^^
  File "D:\bread\.venv\Lib\site-packages\starlette\middleware\base.py", line 165, in call_next
    raise app_exc
  File "D:\bread\.venv\Lib\site-packages\starlette\middleware\base.py", line 151, in coro
    await self.app(scope, receive_or_disconnect, send_no_error)
  File "D:\bread\.venv\Lib\site-packages\starlette\middleware\exceptions.py", line 65, in __call__
    await wrap_app_handling_exceptions(self.app, conn)(scope, receive, send)
  File "D:\bread\.venv\Lib\site-packages\starlette\_exception_handler.py", line 64, in wrapped_app
    raise exc
  File "D:\bread\.venv\Lib\site-packages\starlette\_exception_handler.py", line 53, in wrapped_app
    await app(scope, receive, sender)
  File "D:\bread\.venv\Lib\site-packages\starlette\routing.py", line 756, in __call__
    await self.middleware_stack(scope, receive, send)
  File "D:\bread\.venv\Lib\site-packages\starlette\routing.py", line 776, in app
    await route.handle(scope, receive, send)
  File "D:\bread\.venv\Lib\site-packages\starlette\routing.py", line 297, in handle
    await self.app(scope, receive, send)
  File "D:\bread\.venv\Lib\site-packages\starlette\routing.py", line 77, in app
    await wrap_app_handling_exceptions(app, request)(scope, receive, send)
  File "D:\bread\.venv\Lib\site-packages\starlette\_exception_handler.py", line 64, in wrapped_app
    raise exc
  File "D:\bread\.venv\Lib\site-packages\starlette\_exception_handler.py", line 53, in wrapped_app
    await app(scope, receive, sender)
  File "D:\bread\.venv\Lib\site-packages\starlette\routing.py", line 72, in app
    response = await func(request)
               ^^^^^^^^^^^^^^^^^^^
  File "D:\bread\.venv\Lib\site-packages\fastapi\routing.py", line 269, in app
    solved_result = await solve_dependencies(
                    ^^^^^^^^^^^^^^^^^^^^^^^^^
  File "D:\bread\.venv\Lib\site-packages\fastapi\dependencies\utils.py", line 602, in solve_dependencies
    solved = await run_in_threadpool(call, **sub_values)
             ^^^^^^^^^^^^^^^^^^^^^^^^^^^^^^^^^^^^^^^^^^^
  File "D:\bread\.venv\Lib\site-packages\starlette\concurrency.py", line 42, in run_in_threadpool
    return await anyio.to_thread.run_sync(func, *args)
           ^^^^^^^^^^^^^^^^^^^^^^^^^^^^^^^^^^^^^^^^^^^
  File "D:\bread\.venv\Lib\site-packages\anyio\to_thread.py", line 56, in run_sync
    return await get_async_backend().run_sync_in_worker_thread(
           ^^^^^^^^^^^^^^^^^^^^^^^^^^^^^^^^^^^^^^^^^^^^^^^^^^^^
  File "D:\bread\.venv\Lib\site-packages\anyio\_backends\_asyncio.py", line 2177, in run_sync_in_worker_thread
    return await future
           ^^^^^^^^^^^^
  File "D:\bread\.venv\Lib\site-packages\anyio\_backends\_asyncio.py", line 859, in run
    result = context.run(func, *args)
             ^^^^^^^^^^^^^^^^^^^^^^^^
  File "C:\Users\v_wieszheng\AppData\Local\Programs\Python\Python312\Lib\typing.py", line 525, in __new__
    raise TypeError("Any cannot be instantiated")
TypeError: Any cannot be instantiated

2024-08-08 17:29:07.305 | INFO     | app:lifespan:46 - FasAPI-Bread 关闭成功
2024-08-08 17:29:09.247 | INFO     | app:lifespan:39 - FasAPI-Bread 开始启动
2024-08-08 17:29:09.247 | SUCCESS  | app:lifespan:40 - 
 .----------------.  .----------------.  .----------------.  .----------------.  .----------------.  .----------------.  .----------------.  .----------------.  .----------------.  .----------------.  .----------------.  .----------------. 
| .--------------. || .--------------. || .--------------. || .--------------. || .--------------. || .--------------. || .--------------. || .--------------. || .--------------. || .--------------. || .--------------. || .--------------. |
| |  _________   | || |      __      | || |    _______   | || |      __      | || |   ______     | || |     _____    | || |              | || |   ______     | || |  _______     | || |  _________   | || |      __      | || |  ________    | |
| | |_   ___  |  | || |     /  \     | || |   /  ___  |  | || |     /  \     | || |  |_   __ \   | || |    |_   _|   | || |              | || |  |_   _ \    | || | |_   __ \    | || | |_   ___  |  | || |     /  \     | || | |_   ___ `.  | |
| |   | |_  \_|  | || |    / /\ \    | || |  |  (__ \_|  | || |    / /\ \    | || |    | |__) |  | || |      | |     | || |    ______    | || |    | |_) |   | || |   | |__) |   | || |   | |_  \_|  | || |    / /\ \    | || |   | |   `. \ | |
| |   |  _|      | || |   / ____ \   | || |   '.___`-.   | || |   / ____ \   | || |    |  ___/   | || |      | |     | || |   |______|   | || |    |  __'.   | || |   |  __ /    | || |   |  _|  _   | || |   / ____ \   | || |   | |    | | | |
| |  _| |_       | || | _/ /    \ \_ | || |  |`\____) |  | || | _/ /    \ \_ | || |   _| |_      | || |     _| |_    | || |              | || |   _| |__) |  | || |  _| |  \ \_  | || |  _| |___/ |  | || | _/ /    \ \_ | || |  _| |___.' / | |
| | |_____|      | || ||____|  |____|| || |  |_______.'  | || ||____|  |____|| || |  |_____|     | || |    |_____|   | || |              | || |  |_______/   | || | |____| |___| | || | |_________|  | || ||____|  |____|| || | |________.'  | |
| |              | || |              | || |              | || |              | || |              | || |              | || |              | || |              | || |              | || |              | || |              | || |              | |
| '--------------' || '--------------' || '--------------' || '--------------' || '--------------' || '--------------' || '--------------' || '--------------' || '--------------' || '--------------' || '--------------' || '--------------' |
 '----------------'  '----------------'  '----------------'  '----------------'  '----------------'  '----------------'  '----------------'  '----------------'  '----------------'  '----------------'  '----------------'  '----------------' 

2024-08-08 17:29:09.248 | INFO     | app:init_create_table:29 - 初始化数据库连接...
2024-08-08 17:29:09.365 | INFO     | app:init_create_table:32 - 数据库连接成功
2024-08-08 17:29:09.365 | INFO     | app.apis:register_routers:16 - 注册路由
2024-08-08 17:29:09.366 | INFO     | app:lifespan:43 - FasAPI-Bread 启动成功
2024-08-08 17:31:04.347 | INFO     | app:lifespan:46 - FasAPI-Bread 关闭成功
2024-08-08 17:31:06.025 | INFO     | app:lifespan:39 - FasAPI-Bread 开始启动
2024-08-08 17:31:06.025 | SUCCESS  | app:lifespan:40 - 
 .----------------.  .----------------.  .----------------.  .----------------.  .----------------.  .----------------.  .----------------.  .----------------.  .----------------.  .----------------.  .----------------.  .----------------. 
| .--------------. || .--------------. || .--------------. || .--------------. || .--------------. || .--------------. || .--------------. || .--------------. || .--------------. || .--------------. || .--------------. || .--------------. |
| |  _________   | || |      __      | || |    _______   | || |      __      | || |   ______     | || |     _____    | || |              | || |   ______     | || |  _______     | || |  _________   | || |      __      | || |  ________    | |
| | |_   ___  |  | || |     /  \     | || |   /  ___  |  | || |     /  \     | || |  |_   __ \   | || |    |_   _|   | || |              | || |  |_   _ \    | || | |_   __ \    | || | |_   ___  |  | || |     /  \     | || | |_   ___ `.  | |
| |   | |_  \_|  | || |    / /\ \    | || |  |  (__ \_|  | || |    / /\ \    | || |    | |__) |  | || |      | |     | || |    ______    | || |    | |_) |   | || |   | |__) |   | || |   | |_  \_|  | || |    / /\ \    | || |   | |   `. \ | |
| |   |  _|      | || |   / ____ \   | || |   '.___`-.   | || |   / ____ \   | || |    |  ___/   | || |      | |     | || |   |______|   | || |    |  __'.   | || |   |  __ /    | || |   |  _|  _   | || |   / ____ \   | || |   | |    | | | |
| |  _| |_       | || | _/ /    \ \_ | || |  |`\____) |  | || | _/ /    \ \_ | || |   _| |_      | || |     _| |_    | || |              | || |   _| |__) |  | || |  _| |  \ \_  | || |  _| |___/ |  | || | _/ /    \ \_ | || |  _| |___.' / | |
| | |_____|      | || ||____|  |____|| || |  |_______.'  | || ||____|  |____|| || |  |_____|     | || |    |_____|   | || |              | || |  |_______/   | || | |____| |___| | || | |_________|  | || ||____|  |____|| || | |________.'  | |
| |              | || |              | || |              | || |              | || |              | || |              | || |              | || |              | || |              | || |              | || |              | || |              | |
| '--------------' || '--------------' || '--------------' || '--------------' || '--------------' || '--------------' || '--------------' || '--------------' || '--------------' || '--------------' || '--------------' || '--------------' |
 '----------------'  '----------------'  '----------------'  '----------------'  '----------------'  '----------------'  '----------------'  '----------------'  '----------------'  '----------------'  '----------------'  '----------------' 

2024-08-08 17:31:06.026 | INFO     | app:init_create_table:29 - 初始化数据库连接...
2024-08-08 17:31:06.150 | INFO     | app:init_create_table:32 - 数据库连接成功
2024-08-08 17:31:06.151 | INFO     | app.apis:register_routers:16 - 注册路由
2024-08-08 17:31:06.151 | INFO     | app:lifespan:43 - FasAPI-Bread 启动成功
2024-08-08 17:31:10.841 | INFO     | app.middlewares.middlewares:dispatch:50 - --> e9759bfe-531d-4631-af78-32b14be90865 GET /docs 127.0.0.1
2024-08-08 17:31:10.845 | INFO     | app.middlewares.middlewares:dispatch:69 - <-- e9759bfe-531d-4631-af78-32b14be90865 200 /docs (took: 0.003803s)

2024-08-08 17:31:11.208 | INFO     | app.middlewares.middlewares:dispatch:50 - --> 8ecf767d-5e2b-4499-88ae-cfdaef77af98 GET /openapi.json 127.0.0.1
2024-08-08 17:31:11.210 | INFO     | app.middlewares.middlewares:dispatch:69 - <-- 8ecf767d-5e2b-4499-88ae-cfdaef77af98 200 /openapi.json (took: 0.002575s)

2024-08-08 17:31:21.521 | INFO     | app.middlewares.middlewares:dispatch:50 - --> 2c56d71d-110b-4d70-9abf-9c4b96bfe879 POST /api/v1/login 127.0.0.1
2024-08-08 17:31:21.523 | INFO     | app.middlewares.middlewares:dispatch:69 - <-- 2c56d71d-110b-4d70-9abf-9c4b96bfe879 200 /api/v1/login (took: 0.001344s)

2024-08-08 17:31:39.719 | INFO     | app.middlewares.middlewares:dispatch:50 - --> 15ea234c-98b0-4cce-b6c1-9777159c3dcd POST /api/v1/system/user/me 127.0.0.1
2024-08-08 17:31:39.722 | INFO     | app.middlewares.middlewares:dispatch:69 - <-- 15ea234c-98b0-4cce-b6c1-9777159c3dcd 200 /api/v1/system/user/me (took: 0.002667s)

2024-08-08 17:32:17.926 | INFO     | app:lifespan:46 - FasAPI-Bread 关闭成功
2024-08-08 17:32:19.401 | INFO     | app:lifespan:39 - FasAPI-Bread 开始启动
2024-08-08 17:32:19.402 | SUCCESS  | app:lifespan:40 - 
 .----------------.  .----------------.  .----------------.  .----------------.  .----------------.  .----------------.  .----------------.  .----------------.  .----------------.  .----------------.  .----------------.  .----------------. 
| .--------------. || .--------------. || .--------------. || .--------------. || .--------------. || .--------------. || .--------------. || .--------------. || .--------------. || .--------------. || .--------------. || .--------------. |
| |  _________   | || |      __      | || |    _______   | || |      __      | || |   ______     | || |     _____    | || |              | || |   ______     | || |  _______     | || |  _________   | || |      __      | || |  ________    | |
| | |_   ___  |  | || |     /  \     | || |   /  ___  |  | || |     /  \     | || |  |_   __ \   | || |    |_   _|   | || |              | || |  |_   _ \    | || | |_   __ \    | || | |_   ___  |  | || |     /  \     | || | |_   ___ `.  | |
| |   | |_  \_|  | || |    / /\ \    | || |  |  (__ \_|  | || |    / /\ \    | || |    | |__) |  | || |      | |     | || |    ______    | || |    | |_) |   | || |   | |__) |   | || |   | |_  \_|  | || |    / /\ \    | || |   | |   `. \ | |
| |   |  _|      | || |   / ____ \   | || |   '.___`-.   | || |   / ____ \   | || |    |  ___/   | || |      | |     | || |   |______|   | || |    |  __'.   | || |   |  __ /    | || |   |  _|  _   | || |   / ____ \   | || |   | |    | | | |
| |  _| |_       | || | _/ /    \ \_ | || |  |`\____) |  | || | _/ /    \ \_ | || |   _| |_      | || |     _| |_    | || |              | || |   _| |__) |  | || |  _| |  \ \_  | || |  _| |___/ |  | || | _/ /    \ \_ | || |  _| |___.' / | |
| | |_____|      | || ||____|  |____|| || |  |_______.'  | || ||____|  |____|| || |  |_____|     | || |    |_____|   | || |              | || |  |_______/   | || | |____| |___| | || | |_________|  | || ||____|  |____|| || | |________.'  | |
| |              | || |              | || |              | || |              | || |              | || |              | || |              | || |              | || |              | || |              | || |              | || |              | |
| '--------------' || '--------------' || '--------------' || '--------------' || '--------------' || '--------------' || '--------------' || '--------------' || '--------------' || '--------------' || '--------------' || '--------------' |
 '----------------'  '----------------'  '----------------'  '----------------'  '----------------'  '----------------'  '----------------'  '----------------'  '----------------'  '----------------'  '----------------'  '----------------' 

2024-08-08 17:32:19.403 | INFO     | app:init_create_table:29 - 初始化数据库连接...
2024-08-08 17:32:19.520 | INFO     | app:init_create_table:32 - 数据库连接成功
2024-08-08 17:32:19.520 | INFO     | app.apis:register_routers:16 - 注册路由
2024-08-08 17:32:19.521 | INFO     | app:lifespan:43 - FasAPI-Bread 启动成功
2024-08-08 17:32:22.796 | INFO     | app.middlewares.middlewares:dispatch:50 - --> eeea4675-7bd7-4fff-84f3-50be121b006a GET /docs 127.0.0.1
2024-08-08 17:32:22.798 | INFO     | app.middlewares.middlewares:dispatch:69 - <-- eeea4675-7bd7-4fff-84f3-50be121b006a 200 /docs (took: 0.001804s)

2024-08-08 17:32:22.967 | INFO     | app.middlewares.middlewares:dispatch:50 - --> e83a96d7-b38f-470d-8415-5f6fde808ae7 GET /openapi.json 127.0.0.1
2024-08-08 17:32:22.971 | INFO     | app.middlewares.middlewares:dispatch:69 - <-- e83a96d7-b38f-470d-8415-5f6fde808ae7 200 /openapi.json (took: 0.003798s)

2024-08-08 17:32:34.587 | INFO     | app.middlewares.middlewares:dispatch:50 - --> bbdea7e0-f768-4eba-a341-fd692d40a269 POST /api/v1/login 127.0.0.1
2024-08-08 17:32:34.589 | INFO     | app.middlewares.middlewares:dispatch:69 - <-- bbdea7e0-f768-4eba-a341-fd692d40a269 200 /api/v1/login (took: 0.002906s)

2024-08-08 17:32:37.571 | INFO     | app.middlewares.middlewares:dispatch:50 - --> 39779fe9-808d-49dd-9c19-03bf62298135 POST /api/v1/system/user/me 127.0.0.1
2024-08-08 17:32:37.573 | INFO     | app.middlewares.middlewares:dispatch:69 - <-- 39779fe9-808d-49dd-9c19-03bf62298135 200 /api/v1/system/user/me (took: 0.002501s)

2024-08-08 17:33:43.705 | INFO     | app.middlewares.middlewares:dispatch:50 - --> 748ea751-28e1-4309-bb12-92a5b16a88c5 POST /api/v1/login 127.0.0.1
2024-08-08 17:33:43.706 | INFO     | app.middlewares.middlewares:dispatch:69 - <-- 748ea751-28e1-4309-bb12-92a5b16a88c5 200 /api/v1/login (took: 0.001209s)

2024-08-08 17:33:46.401 | INFO     | app.middlewares.middlewares:dispatch:50 - --> e8fc173e-a4f1-4413-bc68-874639c738c7 POST /api/v1/system/user/me 127.0.0.1
2024-08-08 17:33:46.403 | INFO     | app.middlewares.middlewares:dispatch:69 - <-- e8fc173e-a4f1-4413-bc68-874639c738c7 200 /api/v1/system/user/me (took: 0.002232s)

2024-08-08 17:38:05.142 | INFO     | app:lifespan:46 - FasAPI-Bread 关闭成功
2024-08-08 17:38:07.160 | INFO     | app:lifespan:39 - FasAPI-Bread 开始启动
2024-08-08 17:38:07.161 | SUCCESS  | app:lifespan:40 - 
 .----------------.  .----------------.  .----------------.  .----------------.  .----------------.  .----------------.  .----------------.  .----------------.  .----------------.  .----------------.  .----------------.  .----------------. 
| .--------------. || .--------------. || .--------------. || .--------------. || .--------------. || .--------------. || .--------------. || .--------------. || .--------------. || .--------------. || .--------------. || .--------------. |
| |  _________   | || |      __      | || |    _______   | || |      __      | || |   ______     | || |     _____    | || |              | || |   ______     | || |  _______     | || |  _________   | || |      __      | || |  ________    | |
| | |_   ___  |  | || |     /  \     | || |   /  ___  |  | || |     /  \     | || |  |_   __ \   | || |    |_   _|   | || |              | || |  |_   _ \    | || | |_   __ \    | || | |_   ___  |  | || |     /  \     | || | |_   ___ `.  | |
| |   | |_  \_|  | || |    / /\ \    | || |  |  (__ \_|  | || |    / /\ \    | || |    | |__) |  | || |      | |     | || |    ______    | || |    | |_) |   | || |   | |__) |   | || |   | |_  \_|  | || |    / /\ \    | || |   | |   `. \ | |
| |   |  _|      | || |   / ____ \   | || |   '.___`-.   | || |   / ____ \   | || |    |  ___/   | || |      | |     | || |   |______|   | || |    |  __'.   | || |   |  __ /    | || |   |  _|  _   | || |   / ____ \   | || |   | |    | | | |
| |  _| |_       | || | _/ /    \ \_ | || |  |`\____) |  | || | _/ /    \ \_ | || |   _| |_      | || |     _| |_    | || |              | || |   _| |__) |  | || |  _| |  \ \_  | || |  _| |___/ |  | || | _/ /    \ \_ | || |  _| |___.' / | |
| | |_____|      | || ||____|  |____|| || |  |_______.'  | || ||____|  |____|| || |  |_____|     | || |    |_____|   | || |              | || |  |_______/   | || | |____| |___| | || | |_________|  | || ||____|  |____|| || | |________.'  | |
| |              | || |              | || |              | || |              | || |              | || |              | || |              | || |              | || |              | || |              | || |              | || |              | |
| '--------------' || '--------------' || '--------------' || '--------------' || '--------------' || '--------------' || '--------------' || '--------------' || '--------------' || '--------------' || '--------------' || '--------------' |
 '----------------'  '----------------'  '----------------'  '----------------'  '----------------'  '----------------'  '----------------'  '----------------'  '----------------'  '----------------'  '----------------'  '----------------' 

2024-08-08 17:38:07.162 | INFO     | app:init_create_table:29 - 初始化数据库连接...
2024-08-08 17:38:07.285 | INFO     | app:init_create_table:32 - 数据库连接成功
2024-08-08 17:38:07.286 | INFO     | app.apis:register_routers:16 - 注册路由
2024-08-08 17:38:07.287 | INFO     | app:lifespan:43 - FasAPI-Bread 启动成功
2024-08-08 17:43:05.634 | INFO     | app:lifespan:46 - FasAPI-Bread 关闭成功
2024-08-08 17:43:08.148 | INFO     | app:lifespan:39 - FasAPI-Bread 开始启动
2024-08-08 17:43:08.149 | SUCCESS  | app:lifespan:40 - 
 .----------------.  .----------------.  .----------------.  .----------------.  .----------------.  .----------------.  .----------------.  .----------------.  .----------------.  .----------------.  .----------------.  .----------------. 
| .--------------. || .--------------. || .--------------. || .--------------. || .--------------. || .--------------. || .--------------. || .--------------. || .--------------. || .--------------. || .--------------. || .--------------. |
| |  _________   | || |      __      | || |    _______   | || |      __      | || |   ______     | || |     _____    | || |              | || |   ______     | || |  _______     | || |  _________   | || |      __      | || |  ________    | |
| | |_   ___  |  | || |     /  \     | || |   /  ___  |  | || |     /  \     | || |  |_   __ \   | || |    |_   _|   | || |              | || |  |_   _ \    | || | |_   __ \    | || | |_   ___  |  | || |     /  \     | || | |_   ___ `.  | |
| |   | |_  \_|  | || |    / /\ \    | || |  |  (__ \_|  | || |    / /\ \    | || |    | |__) |  | || |      | |     | || |    ______    | || |    | |_) |   | || |   | |__) |   | || |   | |_  \_|  | || |    / /\ \    | || |   | |   `. \ | |
| |   |  _|      | || |   / ____ \   | || |   '.___`-.   | || |   / ____ \   | || |    |  ___/   | || |      | |     | || |   |______|   | || |    |  __'.   | || |   |  __ /    | || |   |  _|  _   | || |   / ____ \   | || |   | |    | | | |
| |  _| |_       | || | _/ /    \ \_ | || |  |`\____) |  | || | _/ /    \ \_ | || |   _| |_      | || |     _| |_    | || |              | || |   _| |__) |  | || |  _| |  \ \_  | || |  _| |___/ |  | || | _/ /    \ \_ | || |  _| |___.' / | |
| | |_____|      | || ||____|  |____|| || |  |_______.'  | || ||____|  |____|| || |  |_____|     | || |    |_____|   | || |              | || |  |_______/   | || | |____| |___| | || | |_________|  | || ||____|  |____|| || | |________.'  | |
| |              | || |              | || |              | || |              | || |              | || |              | || |              | || |              | || |              | || |              | || |              | || |              | |
| '--------------' || '--------------' || '--------------' || '--------------' || '--------------' || '--------------' || '--------------' || '--------------' || '--------------' || '--------------' || '--------------' || '--------------' |
 '----------------'  '----------------'  '----------------'  '----------------'  '----------------'  '----------------'  '----------------'  '----------------'  '----------------'  '----------------'  '----------------'  '----------------' 

2024-08-08 17:43:08.150 | INFO     | app:init_create_table:29 - 初始化数据库连接...
2024-08-08 17:43:08.272 | INFO     | app:init_create_table:32 - 数据库连接成功
2024-08-08 17:43:08.272 | INFO     | app.apis:register_routers:16 - 注册路由
2024-08-08 17:43:08.273 | INFO     | app:lifespan:43 - FasAPI-Bread 启动成功
2024-08-08 17:44:49.339 | INFO     | app:lifespan:46 - FasAPI-Bread 关闭成功
2024-08-08 17:44:51.001 | INFO     | app:lifespan:39 - FasAPI-Bread 开始启动
2024-08-08 17:44:51.001 | SUCCESS  | app:lifespan:40 - 
 .----------------.  .----------------.  .----------------.  .----------------.  .----------------.  .----------------.  .----------------.  .----------------.  .----------------.  .----------------.  .----------------.  .----------------. 
| .--------------. || .--------------. || .--------------. || .--------------. || .--------------. || .--------------. || .--------------. || .--------------. || .--------------. || .--------------. || .--------------. || .--------------. |
| |  _________   | || |      __      | || |    _______   | || |      __      | || |   ______     | || |     _____    | || |              | || |   ______     | || |  _______     | || |  _________   | || |      __      | || |  ________    | |
| | |_   ___  |  | || |     /  \     | || |   /  ___  |  | || |     /  \     | || |  |_   __ \   | || |    |_   _|   | || |              | || |  |_   _ \    | || | |_   __ \    | || | |_   ___  |  | || |     /  \     | || | |_   ___ `.  | |
| |   | |_  \_|  | || |    / /\ \    | || |  |  (__ \_|  | || |    / /\ \    | || |    | |__) |  | || |      | |     | || |    ______    | || |    | |_) |   | || |   | |__) |   | || |   | |_  \_|  | || |    / /\ \    | || |   | |   `. \ | |
| |   |  _|      | || |   / ____ \   | || |   '.___`-.   | || |   / ____ \   | || |    |  ___/   | || |      | |     | || |   |______|   | || |    |  __'.   | || |   |  __ /    | || |   |  _|  _   | || |   / ____ \   | || |   | |    | | | |
| |  _| |_       | || | _/ /    \ \_ | || |  |`\____) |  | || | _/ /    \ \_ | || |   _| |_      | || |     _| |_    | || |              | || |   _| |__) |  | || |  _| |  \ \_  | || |  _| |___/ |  | || | _/ /    \ \_ | || |  _| |___.' / | |
| | |_____|      | || ||____|  |____|| || |  |_______.'  | || ||____|  |____|| || |  |_____|     | || |    |_____|   | || |              | || |  |_______/   | || | |____| |___| | || | |_________|  | || ||____|  |____|| || | |________.'  | |
| |              | || |              | || |              | || |              | || |              | || |              | || |              | || |              | || |              | || |              | || |              | || |              | |
| '--------------' || '--------------' || '--------------' || '--------------' || '--------------' || '--------------' || '--------------' || '--------------' || '--------------' || '--------------' || '--------------' || '--------------' |
 '----------------'  '----------------'  '----------------'  '----------------'  '----------------'  '----------------'  '----------------'  '----------------'  '----------------'  '----------------'  '----------------'  '----------------' 

2024-08-08 17:44:51.002 | INFO     | app:init_create_table:29 - 初始化数据库连接...
2024-08-08 17:44:51.140 | INFO     | app:init_create_table:32 - 数据库连接成功
2024-08-08 17:44:51.140 | INFO     | app.apis:register_routers:16 - 注册路由
2024-08-08 17:44:51.141 | INFO     | app:lifespan:43 - FasAPI-Bread 启动成功
2024-08-08 17:46:03.983 | INFO     | app.middlewares.middlewares:dispatch:50 - --> abcb3674-d542-4bf1-a643-d297c157f515 GET /docs 127.0.0.1
2024-08-08 17:46:03.985 | INFO     | app.middlewares.middlewares:dispatch:69 - <-- abcb3674-d542-4bf1-a643-d297c157f515 200 /docs (took: 0.002310s)

2024-08-08 17:46:04.283 | INFO     | app.middlewares.middlewares:dispatch:50 - --> 64e0765b-0e5f-4b47-a7e5-90771a5afcb0 GET /openapi.json 127.0.0.1
2024-08-08 17:46:04.292 | INFO     | app.middlewares.middlewares:dispatch:69 - <-- 64e0765b-0e5f-4b47-a7e5-90771a5afcb0 200 /openapi.json (took: 0.009070s)

2024-08-08 17:46:11.754 | INFO     | app.middlewares.middlewares:dispatch:50 - --> af22bb9d-aae1-4859-a887-b1f665bbbb6d POST /api/v1/login 127.0.0.1
2024-08-08 17:46:11.755 | INFO     | app.middlewares.middlewares:dispatch:69 - <-- af22bb9d-aae1-4859-a887-b1f665bbbb6d 200 /api/v1/login (took: 0.001826s)

2024-08-08 17:46:18.241 | INFO     | app.middlewares.middlewares:dispatch:50 - --> adbfcf4f-7618-42f4-bce5-327b62f2234e POST /api/v1/system/user/me 127.0.0.1
2024-08-08 17:46:18.244 | WARNING  | app.exceptions.exception_handler:http_exception_handler:32 - Http请求异常
Method:POST
URL:http://127.0.0.1:9099/api/v1/system/user/me
Headers:Headers({'host': '127.0.0.1:9099', 'connection': 'keep-alive', 'content-length': '0', 'sec-ch-ua': '"Not)A;Brand";v="99", "Google Chrome";v="127", "Chromium";v="127"', 'accept': 'application/json', 'sec-ch-ua-mobile': '?0', 'user-agent': 'Mozilla/5.0 (Windows NT 10.0; Win64; x64) AppleWebKit/537.36 (KHTML, like Gecko) Chrome/127.0.0.0 Safari/537.36', 'sec-ch-ua-platform': '"Windows"', 'origin': 'http://127.0.0.1:9099', 'sec-fetch-site': 'same-origin', 'sec-fetch-mode': 'cors', 'sec-fetch-dest': 'empty', 'referer': 'http://127.0.0.1:9099/docs', 'accept-encoding': 'gzip, deflate, br, zstd', 'accept-language': 'zh-CN,zh;q=0.9'})
Code:401
Message:Not authenticated

2024-08-08 17:46:18.246 | INFO     | app.middlewares.middlewares:dispatch:69 - <-- adbfcf4f-7618-42f4-bce5-327b62f2234e 401 /api/v1/system/user/me (took: 0.005075s)

2024-08-08 17:46:25.424 | INFO     | app.middlewares.middlewares:dispatch:50 - --> 573c7c94-3515-4f43-bf85-2696eee40b6d POST /api/v1/login 127.0.0.1
2024-08-08 17:46:25.425 | INFO     | app.middlewares.middlewares:dispatch:69 - <-- 573c7c94-3515-4f43-bf85-2696eee40b6d 200 /api/v1/login (took: 0.000970s)

2024-08-08 17:46:27.956 | INFO     | app.middlewares.middlewares:dispatch:50 - --> 5c8fb344-d68d-4808-a5a2-1e9b1cae4617 POST /api/v1/system/user/me 127.0.0.1
2024-08-08 17:46:27.958 | INFO     | app.middlewares.middlewares:dispatch:69 - <-- 5c8fb344-d68d-4808-a5a2-1e9b1cae4617 200 /api/v1/system/user/me (took: 0.002254s)

2024-08-08 17:49:49.859 | INFO     | app:lifespan:46 - FasAPI-Bread 关闭成功
2024-08-08 17:49:51.573 | INFO     | app:lifespan:39 - FasAPI-Bread 开始启动
2024-08-08 17:49:51.574 | SUCCESS  | app:lifespan:40 - 
 .----------------.  .----------------.  .----------------.  .----------------.  .----------------.  .----------------.  .----------------.  .----------------.  .----------------.  .----------------.  .----------------.  .----------------. 
| .--------------. || .--------------. || .--------------. || .--------------. || .--------------. || .--------------. || .--------------. || .--------------. || .--------------. || .--------------. || .--------------. || .--------------. |
| |  _________   | || |      __      | || |    _______   | || |      __      | || |   ______     | || |     _____    | || |              | || |   ______     | || |  _______     | || |  _________   | || |      __      | || |  ________    | |
| | |_   ___  |  | || |     /  \     | || |   /  ___  |  | || |     /  \     | || |  |_   __ \   | || |    |_   _|   | || |              | || |  |_   _ \    | || | |_   __ \    | || | |_   ___  |  | || |     /  \     | || | |_   ___ `.  | |
| |   | |_  \_|  | || |    / /\ \    | || |  |  (__ \_|  | || |    / /\ \    | || |    | |__) |  | || |      | |     | || |    ______    | || |    | |_) |   | || |   | |__) |   | || |   | |_  \_|  | || |    / /\ \    | || |   | |   `. \ | |
| |   |  _|      | || |   / ____ \   | || |   '.___`-.   | || |   / ____ \   | || |    |  ___/   | || |      | |     | || |   |______|   | || |    |  __'.   | || |   |  __ /    | || |   |  _|  _   | || |   / ____ \   | || |   | |    | | | |
| |  _| |_       | || | _/ /    \ \_ | || |  |`\____) |  | || | _/ /    \ \_ | || |   _| |_      | || |     _| |_    | || |              | || |   _| |__) |  | || |  _| |  \ \_  | || |  _| |___/ |  | || | _/ /    \ \_ | || |  _| |___.' / | |
| | |_____|      | || ||____|  |____|| || |  |_______.'  | || ||____|  |____|| || |  |_____|     | || |    |_____|   | || |              | || |  |_______/   | || | |____| |___| | || | |_________|  | || ||____|  |____|| || | |________.'  | |
| |              | || |              | || |              | || |              | || |              | || |              | || |              | || |              | || |              | || |              | || |              | || |              | |
| '--------------' || '--------------' || '--------------' || '--------------' || '--------------' || '--------------' || '--------------' || '--------------' || '--------------' || '--------------' || '--------------' || '--------------' |
 '----------------'  '----------------'  '----------------'  '----------------'  '----------------'  '----------------'  '----------------'  '----------------'  '----------------'  '----------------'  '----------------'  '----------------' 

2024-08-08 17:49:51.575 | INFO     | app:init_create_table:29 - 初始化数据库连接...
2024-08-08 17:49:51.699 | INFO     | app:init_create_table:32 - 数据库连接成功
2024-08-08 17:49:51.700 | INFO     | app.apis:register_routers:16 - 注册路由
2024-08-08 17:49:51.701 | INFO     | app:lifespan:43 - FasAPI-Bread 启动成功
2024-08-08 19:27:08.290 | INFO     | app:lifespan:46 - FasAPI-Bread 关闭成功
