2024-08-07 17:24:41.937 | INFO     | app:lifespan:37 - FasAPI-Bread 开始启动
2024-08-07 17:24:41.937 | SUCCESS  | app:lifespan:38 - 
 .----------------.  .----------------.  .----------------.  .----------------.  .----------------.  .----------------.  .----------------.  .----------------.  .----------------.  .----------------.  .----------------.  .----------------. 
| .--------------. || .--------------. || .--------------. || .--------------. || .--------------. || .--------------. || .--------------. || .--------------. || .--------------. || .--------------. || .--------------. || .--------------. |
| |  _________   | || |      __      | || |    _______   | || |      __      | || |   ______     | || |     _____    | || |              | || |   ______     | || |  _______     | || |  _________   | || |      __      | || |  ________    | |
| | |_   ___  |  | || |     /  \     | || |   /  ___  |  | || |     /  \     | || |  |_   __ \   | || |    |_   _|   | || |              | || |  |_   _ \    | || | |_   __ \    | || | |_   ___  |  | || |     /  \     | || | |_   ___ `.  | |
| |   | |_  \_|  | || |    / /\ \    | || |  |  (__ \_|  | || |    / /\ \    | || |    | |__) |  | || |      | |     | || |    ______    | || |    | |_) |   | || |   | |__) |   | || |   | |_  \_|  | || |    / /\ \    | || |   | |   `. \ | |
| |   |  _|      | || |   / ____ \   | || |   '.___`-.   | || |   / ____ \   | || |    |  ___/   | || |      | |     | || |   |______|   | || |    |  __'.   | || |   |  __ /    | || |   |  _|  _   | || |   / ____ \   | || |   | |    | | | |
| |  _| |_       | || | _/ /    \ \_ | || |  |`\____) |  | || | _/ /    \ \_ | || |   _| |_      | || |     _| |_    | || |              | || |   _| |__) |  | || |  _| |  \ \_  | || |  _| |___/ |  | || | _/ /    \ \_ | || |  _| |___.' / | |
| | |_____|      | || ||____|  |____|| || |  |_______.'  | || ||____|  |____|| || |  |_____|     | || |    |_____|   | || |              | || |  |_______/   | || | |____| |___| | || | |_________|  | || ||____|  |____|| || | |________.'  | |
| |              | || |              | || |              | || |              | || |              | || |              | || |              | || |              | || |              | || |              | || |              | || |              | |
| '--------------' || '--------------' || '--------------' || '--------------' || '--------------' || '--------------' || '--------------' || '--------------' || '--------------' || '--------------' || '--------------' || '--------------' |
 '----------------'  '----------------'  '----------------'  '----------------'  '----------------'  '----------------'  '----------------'  '----------------'  '----------------'  '----------------'  '----------------'  '----------------' 

2024-08-07 17:24:41.939 | INFO     | app:init_create_table:28 - 初始化数据库连接...
2024-08-07 17:24:42.063 | INFO     | app:init_create_table:31 - 数据库连接成功
2024-08-07 17:24:42.063 | INFO     | app:lifespan:40 - FasAPI-Bread 启动成功
2024-08-07 17:26:14.508 | INFO     | app:lifespan:43 - FasAPI-Bread 关闭成功
2024-08-07 17:26:16.631 | INFO     | app:lifespan:37 - FasAPI-Bread 开始启动
2024-08-07 17:26:16.641 | SUCCESS  | app:lifespan:38 - 
 .----------------.  .----------------.  .----------------.  .----------------.  .----------------.  .----------------.  .----------------.  .----------------.  .----------------.  .----------------.  .----------------.  .----------------. 
| .--------------. || .--------------. || .--------------. || .--------------. || .--------------. || .--------------. || .--------------. || .--------------. || .--------------. || .--------------. || .--------------. || .--------------. |
| |  _________   | || |      __      | || |    _______   | || |      __      | || |   ______     | || |     _____    | || |              | || |   ______     | || |  _______     | || |  _________   | || |      __      | || |  ________    | |
| | |_   ___  |  | || |     /  \     | || |   /  ___  |  | || |     /  \     | || |  |_   __ \   | || |    |_   _|   | || |              | || |  |_   _ \    | || | |_   __ \    | || | |_   ___  |  | || |     /  \     | || | |_   ___ `.  | |
| |   | |_  \_|  | || |    / /\ \    | || |  |  (__ \_|  | || |    / /\ \    | || |    | |__) |  | || |      | |     | || |    ______    | || |    | |_) |   | || |   | |__) |   | || |   | |_  \_|  | || |    / /\ \    | || |   | |   `. \ | |
| |   |  _|      | || |   / ____ \   | || |   '.___`-.   | || |   / ____ \   | || |    |  ___/   | || |      | |     | || |   |______|   | || |    |  __'.   | || |   |  __ /    | || |   |  _|  _   | || |   / ____ \   | || |   | |    | | | |
| |  _| |_       | || | _/ /    \ \_ | || |  |`\____) |  | || | _/ /    \ \_ | || |   _| |_      | || |     _| |_    | || |              | || |   _| |__) |  | || |  _| |  \ \_  | || |  _| |___/ |  | || | _/ /    \ \_ | || |  _| |___.' / | |
| | |_____|      | || ||____|  |____|| || |  |_______.'  | || ||____|  |____|| || |  |_____|     | || |    |_____|   | || |              | || |  |_______/   | || | |____| |___| | || | |_________|  | || ||____|  |____|| || | |________.'  | |
| |              | || |              | || |              | || |              | || |              | || |              | || |              | || |              | || |              | || |              | || |              | || |              | |
| '--------------' || '--------------' || '--------------' || '--------------' || '--------------' || '--------------' || '--------------' || '--------------' || '--------------' || '--------------' || '--------------' || '--------------' |
 '----------------'  '----------------'  '----------------'  '----------------'  '----------------'  '----------------'  '----------------'  '----------------'  '----------------'  '----------------'  '----------------'  '----------------' 

2024-08-07 17:26:16.652 | INFO     | app:init_create_table:28 - 初始化数据库连接...
2024-08-07 17:26:16.813 | INFO     | app:init_create_table:31 - 数据库连接成功
2024-08-07 17:26:16.814 | INFO     | app:lifespan:40 - FasAPI-Bread 启动成功
2024-08-07 17:36:57.205 | INFO     | app:lifespan:43 - FasAPI-Bread 关闭成功
2024-08-07 17:37:01.110 | INFO     | app:lifespan:37 - FasAPI-Bread 开始启动
2024-08-07 17:37:01.110 | SUCCESS  | app:lifespan:38 - 
 .----------------.  .----------------.  .----------------.  .----------------.  .----------------.  .----------------.  .----------------.  .----------------.  .----------------.  .----------------.  .----------------.  .----------------. 
| .--------------. || .--------------. || .--------------. || .--------------. || .--------------. || .--------------. || .--------------. || .--------------. || .--------------. || .--------------. || .--------------. || .--------------. |
| |  _________   | || |      __      | || |    _______   | || |      __      | || |   ______     | || |     _____    | || |              | || |   ______     | || |  _______     | || |  _________   | || |      __      | || |  ________    | |
| | |_   ___  |  | || |     /  \     | || |   /  ___  |  | || |     /  \     | || |  |_   __ \   | || |    |_   _|   | || |              | || |  |_   _ \    | || | |_   __ \    | || | |_   ___  |  | || |     /  \     | || | |_   ___ `.  | |
| |   | |_  \_|  | || |    / /\ \    | || |  |  (__ \_|  | || |    / /\ \    | || |    | |__) |  | || |      | |     | || |    ______    | || |    | |_) |   | || |   | |__) |   | || |   | |_  \_|  | || |    / /\ \    | || |   | |   `. \ | |
| |   |  _|      | || |   / ____ \   | || |   '.___`-.   | || |   / ____ \   | || |    |  ___/   | || |      | |     | || |   |______|   | || |    |  __'.   | || |   |  __ /    | || |   |  _|  _   | || |   / ____ \   | || |   | |    | | | |
| |  _| |_       | || | _/ /    \ \_ | || |  |`\____) |  | || | _/ /    \ \_ | || |   _| |_      | || |     _| |_    | || |              | || |   _| |__) |  | || |  _| |  \ \_  | || |  _| |___/ |  | || | _/ /    \ \_ | || |  _| |___.' / | |
| | |_____|      | || ||____|  |____|| || |  |_______.'  | || ||____|  |____|| || |  |_____|     | || |    |_____|   | || |              | || |  |_______/   | || | |____| |___| | || | |_________|  | || ||____|  |____|| || | |________.'  | |
| |              | || |              | || |              | || |              | || |              | || |              | || |              | || |              | || |              | || |              | || |              | || |              | |
| '--------------' || '--------------' || '--------------' || '--------------' || '--------------' || '--------------' || '--------------' || '--------------' || '--------------' || '--------------' || '--------------' || '--------------' |
 '----------------'  '----------------'  '----------------'  '----------------'  '----------------'  '----------------'  '----------------'  '----------------'  '----------------'  '----------------'  '----------------'  '----------------' 

2024-08-07 17:37:01.111 | INFO     | app:init_create_table:28 - 初始化数据库连接...
2024-08-07 17:37:01.230 | INFO     | app:init_create_table:31 - 数据库连接成功
2024-08-07 17:37:01.230 | INFO     | app:lifespan:40 - FasAPI-Bread 启动成功
2024-08-07 17:37:30.845 | INFO     | app:lifespan:43 - FasAPI-Bread 关闭成功
2024-08-07 17:37:32.283 | INFO     | app:lifespan:37 - FasAPI-Bread 开始启动
2024-08-07 17:37:32.283 | SUCCESS  | app:lifespan:38 - 
 .----------------.  .----------------.  .----------------.  .----------------.  .----------------.  .----------------.  .----------------.  .----------------.  .----------------.  .----------------.  .----------------.  .----------------. 
| .--------------. || .--------------. || .--------------. || .--------------. || .--------------. || .--------------. || .--------------. || .--------------. || .--------------. || .--------------. || .--------------. || .--------------. |
| |  _________   | || |      __      | || |    _______   | || |      __      | || |   ______     | || |     _____    | || |              | || |   ______     | || |  _______     | || |  _________   | || |      __      | || |  ________    | |
| | |_   ___  |  | || |     /  \     | || |   /  ___  |  | || |     /  \     | || |  |_   __ \   | || |    |_   _|   | || |              | || |  |_   _ \    | || | |_   __ \    | || | |_   ___  |  | || |     /  \     | || | |_   ___ `.  | |
| |   | |_  \_|  | || |    / /\ \    | || |  |  (__ \_|  | || |    / /\ \    | || |    | |__) |  | || |      | |     | || |    ______    | || |    | |_) |   | || |   | |__) |   | || |   | |_  \_|  | || |    / /\ \    | || |   | |   `. \ | |
| |   |  _|      | || |   / ____ \   | || |   '.___`-.   | || |   / ____ \   | || |    |  ___/   | || |      | |     | || |   |______|   | || |    |  __'.   | || |   |  __ /    | || |   |  _|  _   | || |   / ____ \   | || |   | |    | | | |
| |  _| |_       | || | _/ /    \ \_ | || |  |`\____) |  | || | _/ /    \ \_ | || |   _| |_      | || |     _| |_    | || |              | || |   _| |__) |  | || |  _| |  \ \_  | || |  _| |___/ |  | || | _/ /    \ \_ | || |  _| |___.' / | |
| | |_____|      | || ||____|  |____|| || |  |_______.'  | || ||____|  |____|| || |  |_____|     | || |    |_____|   | || |              | || |  |_______/   | || | |____| |___| | || | |_________|  | || ||____|  |____|| || | |________.'  | |
| |              | || |              | || |              | || |              | || |              | || |              | || |              | || |              | || |              | || |              | || |              | || |              | |
| '--------------' || '--------------' || '--------------' || '--------------' || '--------------' || '--------------' || '--------------' || '--------------' || '--------------' || '--------------' || '--------------' || '--------------' |
 '----------------'  '----------------'  '----------------'  '----------------'  '----------------'  '----------------'  '----------------'  '----------------'  '----------------'  '----------------'  '----------------'  '----------------' 

2024-08-07 17:37:32.284 | INFO     | app:init_create_table:28 - 初始化数据库连接...
2024-08-07 17:37:32.421 | INFO     | app:init_create_table:31 - 数据库连接成功
2024-08-07 17:37:32.422 | INFO     | app:lifespan:40 - FasAPI-Bread 启动成功
2024-08-07 17:42:31.233 | INFO     | app:lifespan:43 - FasAPI-Bread 关闭成功
2024-08-07 17:42:33.106 | INFO     | app:lifespan:37 - FasAPI-Bread 开始启动
2024-08-07 17:42:33.106 | SUCCESS  | app:lifespan:38 - 
 .----------------.  .----------------.  .----------------.  .----------------.  .----------------.  .----------------.  .----------------.  .----------------.  .----------------.  .----------------.  .----------------.  .----------------. 
| .--------------. || .--------------. || .--------------. || .--------------. || .--------------. || .--------------. || .--------------. || .--------------. || .--------------. || .--------------. || .--------------. || .--------------. |
| |  _________   | || |      __      | || |    _______   | || |      __      | || |   ______     | || |     _____    | || |              | || |   ______     | || |  _______     | || |  _________   | || |      __      | || |  ________    | |
| | |_   ___  |  | || |     /  \     | || |   /  ___  |  | || |     /  \     | || |  |_   __ \   | || |    |_   _|   | || |              | || |  |_   _ \    | || | |_   __ \    | || | |_   ___  |  | || |     /  \     | || | |_   ___ `.  | |
| |   | |_  \_|  | || |    / /\ \    | || |  |  (__ \_|  | || |    / /\ \    | || |    | |__) |  | || |      | |     | || |    ______    | || |    | |_) |   | || |   | |__) |   | || |   | |_  \_|  | || |    / /\ \    | || |   | |   `. \ | |
| |   |  _|      | || |   / ____ \   | || |   '.___`-.   | || |   / ____ \   | || |    |  ___/   | || |      | |     | || |   |______|   | || |    |  __'.   | || |   |  __ /    | || |   |  _|  _   | || |   / ____ \   | || |   | |    | | | |
| |  _| |_       | || | _/ /    \ \_ | || |  |`\____) |  | || | _/ /    \ \_ | || |   _| |_      | || |     _| |_    | || |              | || |   _| |__) |  | || |  _| |  \ \_  | || |  _| |___/ |  | || | _/ /    \ \_ | || |  _| |___.' / | |
| | |_____|      | || ||____|  |____|| || |  |_______.'  | || ||____|  |____|| || |  |_____|     | || |    |_____|   | || |              | || |  |_______/   | || | |____| |___| | || | |_________|  | || ||____|  |____|| || | |________.'  | |
| |              | || |              | || |              | || |              | || |              | || |              | || |              | || |              | || |              | || |              | || |              | || |              | |
| '--------------' || '--------------' || '--------------' || '--------------' || '--------------' || '--------------' || '--------------' || '--------------' || '--------------' || '--------------' || '--------------' || '--------------' |
 '----------------'  '----------------'  '----------------'  '----------------'  '----------------'  '----------------'  '----------------'  '----------------'  '----------------'  '----------------'  '----------------'  '----------------' 

2024-08-07 17:42:33.107 | INFO     | app:init_create_table:28 - 初始化数据库连接...
2024-08-07 17:42:33.244 | INFO     | app:init_create_table:31 - 数据库连接成功
2024-08-07 17:42:33.245 | INFO     | app:lifespan:40 - FasAPI-Bread 启动成功
2024-08-07 17:46:54.844 | INFO     | app:lifespan:43 - FasAPI-Bread 关闭成功
2024-08-07 17:46:58.308 | INFO     | app:lifespan:37 - FasAPI-Bread 开始启动
2024-08-07 17:46:58.309 | SUCCESS  | app:lifespan:38 - 
 .----------------.  .----------------.  .----------------.  .----------------.  .----------------.  .----------------.  .----------------.  .----------------.  .----------------.  .----------------.  .----------------.  .----------------. 
| .--------------. || .--------------. || .--------------. || .--------------. || .--------------. || .--------------. || .--------------. || .--------------. || .--------------. || .--------------. || .--------------. || .--------------. |
| |  _________   | || |      __      | || |    _______   | || |      __      | || |   ______     | || |     _____    | || |              | || |   ______     | || |  _______     | || |  _________   | || |      __      | || |  ________    | |
| | |_   ___  |  | || |     /  \     | || |   /  ___  |  | || |     /  \     | || |  |_   __ \   | || |    |_   _|   | || |              | || |  |_   _ \    | || | |_   __ \    | || | |_   ___  |  | || |     /  \     | || | |_   ___ `.  | |
| |   | |_  \_|  | || |    / /\ \    | || |  |  (__ \_|  | || |    / /\ \    | || |    | |__) |  | || |      | |     | || |    ______    | || |    | |_) |   | || |   | |__) |   | || |   | |_  \_|  | || |    / /\ \    | || |   | |   `. \ | |
| |   |  _|      | || |   / ____ \   | || |   '.___`-.   | || |   / ____ \   | || |    |  ___/   | || |      | |     | || |   |______|   | || |    |  __'.   | || |   |  __ /    | || |   |  _|  _   | || |   / ____ \   | || |   | |    | | | |
| |  _| |_       | || | _/ /    \ \_ | || |  |`\____) |  | || | _/ /    \ \_ | || |   _| |_      | || |     _| |_    | || |              | || |   _| |__) |  | || |  _| |  \ \_  | || |  _| |___/ |  | || | _/ /    \ \_ | || |  _| |___.' / | |
| | |_____|      | || ||____|  |____|| || |  |_______.'  | || ||____|  |____|| || |  |_____|     | || |    |_____|   | || |              | || |  |_______/   | || | |____| |___| | || | |_________|  | || ||____|  |____|| || | |________.'  | |
| |              | || |              | || |              | || |              | || |              | || |              | || |              | || |              | || |              | || |              | || |              | || |              | |
| '--------------' || '--------------' || '--------------' || '--------------' || '--------------' || '--------------' || '--------------' || '--------------' || '--------------' || '--------------' || '--------------' || '--------------' |
 '----------------'  '----------------'  '----------------'  '----------------'  '----------------'  '----------------'  '----------------'  '----------------'  '----------------'  '----------------'  '----------------'  '----------------' 

2024-08-07 17:46:58.311 | INFO     | app:init_create_table:28 - 初始化数据库连接...
2024-08-07 17:46:58.437 | INFO     | app:init_create_table:31 - 数据库连接成功
2024-08-07 17:46:58.438 | INFO     | app:lifespan:40 - FasAPI-Bread 启动成功
2024-08-07 17:47:48.238 | INFO     | app:lifespan:43 - FasAPI-Bread 关闭成功
2024-08-07 17:47:50.056 | INFO     | app:lifespan:37 - FasAPI-Bread 开始启动
2024-08-07 17:47:50.057 | SUCCESS  | app:lifespan:38 - 
 .----------------.  .----------------.  .----------------.  .----------------.  .----------------.  .----------------.  .----------------.  .----------------.  .----------------.  .----------------.  .----------------.  .----------------. 
| .--------------. || .--------------. || .--------------. || .--------------. || .--------------. || .--------------. || .--------------. || .--------------. || .--------------. || .--------------. || .--------------. || .--------------. |
| |  _________   | || |      __      | || |    _______   | || |      __      | || |   ______     | || |     _____    | || |              | || |   ______     | || |  _______     | || |  _________   | || |      __      | || |  ________    | |
| | |_   ___  |  | || |     /  \     | || |   /  ___  |  | || |     /  \     | || |  |_   __ \   | || |    |_   _|   | || |              | || |  |_   _ \    | || | |_   __ \    | || | |_   ___  |  | || |     /  \     | || | |_   ___ `.  | |
| |   | |_  \_|  | || |    / /\ \    | || |  |  (__ \_|  | || |    / /\ \    | || |    | |__) |  | || |      | |     | || |    ______    | || |    | |_) |   | || |   | |__) |   | || |   | |_  \_|  | || |    / /\ \    | || |   | |   `. \ | |
| |   |  _|      | || |   / ____ \   | || |   '.___`-.   | || |   / ____ \   | || |    |  ___/   | || |      | |     | || |   |______|   | || |    |  __'.   | || |   |  __ /    | || |   |  _|  _   | || |   / ____ \   | || |   | |    | | | |
| |  _| |_       | || | _/ /    \ \_ | || |  |`\____) |  | || | _/ /    \ \_ | || |   _| |_      | || |     _| |_    | || |              | || |   _| |__) |  | || |  _| |  \ \_  | || |  _| |___/ |  | || | _/ /    \ \_ | || |  _| |___.' / | |
| | |_____|      | || ||____|  |____|| || |  |_______.'  | || ||____|  |____|| || |  |_____|     | || |    |_____|   | || |              | || |  |_______/   | || | |____| |___| | || | |_________|  | || ||____|  |____|| || | |________.'  | |
| |              | || |              | || |              | || |              | || |              | || |              | || |              | || |              | || |              | || |              | || |              | || |              | |
| '--------------' || '--------------' || '--------------' || '--------------' || '--------------' || '--------------' || '--------------' || '--------------' || '--------------' || '--------------' || '--------------' || '--------------' |
 '----------------'  '----------------'  '----------------'  '----------------'  '----------------'  '----------------'  '----------------'  '----------------'  '----------------'  '----------------'  '----------------'  '----------------' 

2024-08-07 17:47:50.058 | INFO     | app:init_create_table:28 - 初始化数据库连接...
2024-08-07 17:47:50.539 | INFO     | app:init_create_table:31 - 数据库连接成功
2024-08-07 17:47:50.539 | INFO     | app:lifespan:40 - FasAPI-Bread 启动成功
2024-08-07 17:48:57.547 | INFO     | app:lifespan:43 - FasAPI-Bread 关闭成功
2024-08-07 17:48:59.080 | INFO     | app:lifespan:37 - FasAPI-Bread 开始启动
2024-08-07 17:48:59.081 | SUCCESS  | app:lifespan:38 - 
 .----------------.  .----------------.  .----------------.  .----------------.  .----------------.  .----------------.  .----------------.  .----------------.  .----------------.  .----------------.  .----------------.  .----------------. 
| .--------------. || .--------------. || .--------------. || .--------------. || .--------------. || .--------------. || .--------------. || .--------------. || .--------------. || .--------------. || .--------------. || .--------------. |
| |  _________   | || |      __      | || |    _______   | || |      __      | || |   ______     | || |     _____    | || |              | || |   ______     | || |  _______     | || |  _________   | || |      __      | || |  ________    | |
| | |_   ___  |  | || |     /  \     | || |   /  ___  |  | || |     /  \     | || |  |_   __ \   | || |    |_   _|   | || |              | || |  |_   _ \    | || | |_   __ \    | || | |_   ___  |  | || |     /  \     | || | |_   ___ `.  | |
| |   | |_  \_|  | || |    / /\ \    | || |  |  (__ \_|  | || |    / /\ \    | || |    | |__) |  | || |      | |     | || |    ______    | || |    | |_) |   | || |   | |__) |   | || |   | |_  \_|  | || |    / /\ \    | || |   | |   `. \ | |
| |   |  _|      | || |   / ____ \   | || |   '.___`-.   | || |   / ____ \   | || |    |  ___/   | || |      | |     | || |   |______|   | || |    |  __'.   | || |   |  __ /    | || |   |  _|  _   | || |   / ____ \   | || |   | |    | | | |
| |  _| |_       | || | _/ /    \ \_ | || |  |`\____) |  | || | _/ /    \ \_ | || |   _| |_      | || |     _| |_    | || |              | || |   _| |__) |  | || |  _| |  \ \_  | || |  _| |___/ |  | || | _/ /    \ \_ | || |  _| |___.' / | |
| | |_____|      | || ||____|  |____|| || |  |_______.'  | || ||____|  |____|| || |  |_____|     | || |    |_____|   | || |              | || |  |_______/   | || | |____| |___| | || | |_________|  | || ||____|  |____|| || | |________.'  | |
| |              | || |              | || |              | || |              | || |              | || |              | || |              | || |              | || |              | || |              | || |              | || |              | |
| '--------------' || '--------------' || '--------------' || '--------------' || '--------------' || '--------------' || '--------------' || '--------------' || '--------------' || '--------------' || '--------------' || '--------------' |
 '----------------'  '----------------'  '----------------'  '----------------'  '----------------'  '----------------'  '----------------'  '----------------'  '----------------'  '----------------'  '----------------'  '----------------' 

2024-08-07 17:48:59.082 | INFO     | app:init_create_table:28 - 初始化数据库连接...
2024-08-07 17:48:59.200 | INFO     | app:init_create_table:31 - 数据库连接成功
2024-08-07 17:48:59.200 | INFO     | app:lifespan:40 - FasAPI-Bread 启动成功
2024-08-07 17:54:58.695 | INFO     | app:lifespan:43 - FasAPI-Bread 关闭成功
2024-08-07 17:55:01.517 | INFO     | app:lifespan:37 - FasAPI-Bread 开始启动
2024-08-07 17:55:01.518 | SUCCESS  | app:lifespan:38 - 
 .----------------.  .----------------.  .----------------.  .----------------.  .----------------.  .----------------.  .----------------.  .----------------.  .----------------.  .----------------.  .----------------.  .----------------. 
| .--------------. || .--------------. || .--------------. || .--------------. || .--------------. || .--------------. || .--------------. || .--------------. || .--------------. || .--------------. || .--------------. || .--------------. |
| |  _________   | || |      __      | || |    _______   | || |      __      | || |   ______     | || |     _____    | || |              | || |   ______     | || |  _______     | || |  _________   | || |      __      | || |  ________    | |
| | |_   ___  |  | || |     /  \     | || |   /  ___  |  | || |     /  \     | || |  |_   __ \   | || |    |_   _|   | || |              | || |  |_   _ \    | || | |_   __ \    | || | |_   ___  |  | || |     /  \     | || | |_   ___ `.  | |
| |   | |_  \_|  | || |    / /\ \    | || |  |  (__ \_|  | || |    / /\ \    | || |    | |__) |  | || |      | |     | || |    ______    | || |    | |_) |   | || |   | |__) |   | || |   | |_  \_|  | || |    / /\ \    | || |   | |   `. \ | |
| |   |  _|      | || |   / ____ \   | || |   '.___`-.   | || |   / ____ \   | || |    |  ___/   | || |      | |     | || |   |______|   | || |    |  __'.   | || |   |  __ /    | || |   |  _|  _   | || |   / ____ \   | || |   | |    | | | |
| |  _| |_       | || | _/ /    \ \_ | || |  |`\____) |  | || | _/ /    \ \_ | || |   _| |_      | || |     _| |_    | || |              | || |   _| |__) |  | || |  _| |  \ \_  | || |  _| |___/ |  | || | _/ /    \ \_ | || |  _| |___.' / | |
| | |_____|      | || ||____|  |____|| || |  |_______.'  | || ||____|  |____|| || |  |_____|     | || |    |_____|   | || |              | || |  |_______/   | || | |____| |___| | || | |_________|  | || ||____|  |____|| || | |________.'  | |
| |              | || |              | || |              | || |              | || |              | || |              | || |              | || |              | || |              | || |              | || |              | || |              | |
| '--------------' || '--------------' || '--------------' || '--------------' || '--------------' || '--------------' || '--------------' || '--------------' || '--------------' || '--------------' || '--------------' || '--------------' |
 '----------------'  '----------------'  '----------------'  '----------------'  '----------------'  '----------------'  '----------------'  '----------------'  '----------------'  '----------------'  '----------------'  '----------------' 

2024-08-07 17:55:01.519 | INFO     | app:init_create_table:28 - 初始化数据库连接...
2024-08-07 17:55:01.649 | INFO     | app:init_create_table:31 - 数据库连接成功
2024-08-07 17:55:01.650 | INFO     | app:lifespan:40 - FasAPI-Bread 启动成功
2024-08-07 17:55:05.805 | INFO     | app:lifespan:43 - FasAPI-Bread 关闭成功
2024-08-07 17:55:07.976 | INFO     | app:lifespan:37 - FasAPI-Bread 开始启动
2024-08-07 17:55:07.977 | SUCCESS  | app:lifespan:38 - 
 .----------------.  .----------------.  .----------------.  .----------------.  .----------------.  .----------------.  .----------------.  .----------------.  .----------------.  .----------------.  .----------------.  .----------------. 
| .--------------. || .--------------. || .--------------. || .--------------. || .--------------. || .--------------. || .--------------. || .--------------. || .--------------. || .--------------. || .--------------. || .--------------. |
| |  _________   | || |      __      | || |    _______   | || |      __      | || |   ______     | || |     _____    | || |              | || |   ______     | || |  _______     | || |  _________   | || |      __      | || |  ________    | |
| | |_   ___  |  | || |     /  \     | || |   /  ___  |  | || |     /  \     | || |  |_   __ \   | || |    |_   _|   | || |              | || |  |_   _ \    | || | |_   __ \    | || | |_   ___  |  | || |     /  \     | || | |_   ___ `.  | |
| |   | |_  \_|  | || |    / /\ \    | || |  |  (__ \_|  | || |    / /\ \    | || |    | |__) |  | || |      | |     | || |    ______    | || |    | |_) |   | || |   | |__) |   | || |   | |_  \_|  | || |    / /\ \    | || |   | |   `. \ | |
| |   |  _|      | || |   / ____ \   | || |   '.___`-.   | || |   / ____ \   | || |    |  ___/   | || |      | |     | || |   |______|   | || |    |  __'.   | || |   |  __ /    | || |   |  _|  _   | || |   / ____ \   | || |   | |    | | | |
| |  _| |_       | || | _/ /    \ \_ | || |  |`\____) |  | || | _/ /    \ \_ | || |   _| |_      | || |     _| |_    | || |              | || |   _| |__) |  | || |  _| |  \ \_  | || |  _| |___/ |  | || | _/ /    \ \_ | || |  _| |___.' / | |
| | |_____|      | || ||____|  |____|| || |  |_______.'  | || ||____|  |____|| || |  |_____|     | || |    |_____|   | || |              | || |  |_______/   | || | |____| |___| | || | |_________|  | || ||____|  |____|| || | |________.'  | |
| |              | || |              | || |              | || |              | || |              | || |              | || |              | || |              | || |              | || |              | || |              | || |              | |
| '--------------' || '--------------' || '--------------' || '--------------' || '--------------' || '--------------' || '--------------' || '--------------' || '--------------' || '--------------' || '--------------' || '--------------' |
 '----------------'  '----------------'  '----------------'  '----------------'  '----------------'  '----------------'  '----------------'  '----------------'  '----------------'  '----------------'  '----------------'  '----------------' 

2024-08-07 17:55:07.979 | INFO     | app:init_create_table:28 - 初始化数据库连接...
2024-08-07 17:55:08.107 | INFO     | app:init_create_table:31 - 数据库连接成功
2024-08-07 17:55:08.108 | INFO     | app:lifespan:40 - FasAPI-Bread 启动成功
2024-08-07 17:55:09.428 | INFO     | app:lifespan:37 - FasAPI-Bread 开始启动
2024-08-07 17:55:09.429 | SUCCESS  | app:lifespan:38 - 
 .----------------.  .----------------.  .----------------.  .----------------.  .----------------.  .----------------.  .----------------.  .----------------.  .----------------.  .----------------.  .----------------.  .----------------. 
| .--------------. || .--------------. || .--------------. || .--------------. || .--------------. || .--------------. || .--------------. || .--------------. || .--------------. || .--------------. || .--------------. || .--------------. |
| |  _________   | || |      __      | || |    _______   | || |      __      | || |   ______     | || |     _____    | || |              | || |   ______     | || |  _______     | || |  _________   | || |      __      | || |  ________    | |
| | |_   ___  |  | || |     /  \     | || |   /  ___  |  | || |     /  \     | || |  |_   __ \   | || |    |_   _|   | || |              | || |  |_   _ \    | || | |_   __ \    | || | |_   ___  |  | || |     /  \     | || | |_   ___ `.  | |
| |   | |_  \_|  | || |    / /\ \    | || |  |  (__ \_|  | || |    / /\ \    | || |    | |__) |  | || |      | |     | || |    ______    | || |    | |_) |   | || |   | |__) |   | || |   | |_  \_|  | || |    / /\ \    | || |   | |   `. \ | |
| |   |  _|      | || |   / ____ \   | || |   '.___`-.   | || |   / ____ \   | || |    |  ___/   | || |      | |     | || |   |______|   | || |    |  __'.   | || |   |  __ /    | || |   |  _|  _   | || |   / ____ \   | || |   | |    | | | |
| |  _| |_       | || | _/ /    \ \_ | || |  |`\____) |  | || | _/ /    \ \_ | || |   _| |_      | || |     _| |_    | || |              | || |   _| |__) |  | || |  _| |  \ \_  | || |  _| |___/ |  | || | _/ /    \ \_ | || |  _| |___.' / | |
| | |_____|      | || ||____|  |____|| || |  |_______.'  | || ||____|  |____|| || |  |_____|     | || |    |_____|   | || |              | || |  |_______/   | || | |____| |___| | || | |_________|  | || ||____|  |____|| || | |________.'  | |
| |              | || |              | || |              | || |              | || |              | || |              | || |              | || |              | || |              | || |              | || |              | || |              | |
| '--------------' || '--------------' || '--------------' || '--------------' || '--------------' || '--------------' || '--------------' || '--------------' || '--------------' || '--------------' || '--------------' || '--------------' |
 '----------------'  '----------------'  '----------------'  '----------------'  '----------------'  '----------------'  '----------------'  '----------------'  '----------------'  '----------------'  '----------------'  '----------------' 

2024-08-07 17:55:09.430 | INFO     | app:init_create_table:28 - 初始化数据库连接...
2024-08-07 17:55:09.552 | INFO     | app:init_create_table:31 - 数据库连接成功
2024-08-07 17:55:09.552 | INFO     | app:lifespan:40 - FasAPI-Bread 启动成功
2024-08-07 17:55:29.824 | INFO     | app:lifespan:43 - FasAPI-Bread 关闭成功
2024-08-07 17:55:32.281 | INFO     | app:lifespan:37 - FasAPI-Bread 开始启动
2024-08-07 17:55:32.281 | SUCCESS  | app:lifespan:38 - 
 .----------------.  .----------------.  .----------------.  .----------------.  .----------------.  .----------------.  .----------------.  .----------------.  .----------------.  .----------------.  .----------------.  .----------------. 
| .--------------. || .--------------. || .--------------. || .--------------. || .--------------. || .--------------. || .--------------. || .--------------. || .--------------. || .--------------. || .--------------. || .--------------. |
| |  _________   | || |      __      | || |    _______   | || |      __      | || |   ______     | || |     _____    | || |              | || |   ______     | || |  _______     | || |  _________   | || |      __      | || |  ________    | |
| | |_   ___  |  | || |     /  \     | || |   /  ___  |  | || |     /  \     | || |  |_   __ \   | || |    |_   _|   | || |              | || |  |_   _ \    | || | |_   __ \    | || | |_   ___  |  | || |     /  \     | || | |_   ___ `.  | |
| |   | |_  \_|  | || |    / /\ \    | || |  |  (__ \_|  | || |    / /\ \    | || |    | |__) |  | || |      | |     | || |    ______    | || |    | |_) |   | || |   | |__) |   | || |   | |_  \_|  | || |    / /\ \    | || |   | |   `. \ | |
| |   |  _|      | || |   / ____ \   | || |   '.___`-.   | || |   / ____ \   | || |    |  ___/   | || |      | |     | || |   |______|   | || |    |  __'.   | || |   |  __ /    | || |   |  _|  _   | || |   / ____ \   | || |   | |    | | | |
| |  _| |_       | || | _/ /    \ \_ | || |  |`\____) |  | || | _/ /    \ \_ | || |   _| |_      | || |     _| |_    | || |              | || |   _| |__) |  | || |  _| |  \ \_  | || |  _| |___/ |  | || | _/ /    \ \_ | || |  _| |___.' / | |
| | |_____|      | || ||____|  |____|| || |  |_______.'  | || ||____|  |____|| || |  |_____|     | || |    |_____|   | || |              | || |  |_______/   | || | |____| |___| | || | |_________|  | || ||____|  |____|| || | |________.'  | |
| |              | || |              | || |              | || |              | || |              | || |              | || |              | || |              | || |              | || |              | || |              | || |              | |
| '--------------' || '--------------' || '--------------' || '--------------' || '--------------' || '--------------' || '--------------' || '--------------' || '--------------' || '--------------' || '--------------' || '--------------' |
 '----------------'  '----------------'  '----------------'  '----------------'  '----------------'  '----------------'  '----------------'  '----------------'  '----------------'  '----------------'  '----------------'  '----------------' 

2024-08-07 17:55:32.283 | INFO     | app:init_create_table:28 - 初始化数据库连接...
2024-08-07 17:55:32.401 | INFO     | app:init_create_table:31 - 数据库连接成功
2024-08-07 17:55:32.402 | INFO     | app:lifespan:40 - FasAPI-Bread 启动成功
2024-08-07 17:55:33.834 | INFO     | app:lifespan:37 - FasAPI-Bread 开始启动
2024-08-07 17:55:33.835 | SUCCESS  | app:lifespan:38 - 
 .----------------.  .----------------.  .----------------.  .----------------.  .----------------.  .----------------.  .----------------.  .----------------.  .----------------.  .----------------.  .----------------.  .----------------. 
| .--------------. || .--------------. || .--------------. || .--------------. || .--------------. || .--------------. || .--------------. || .--------------. || .--------------. || .--------------. || .--------------. || .--------------. |
| |  _________   | || |      __      | || |    _______   | || |      __      | || |   ______     | || |     _____    | || |              | || |   ______     | || |  _______     | || |  _________   | || |      __      | || |  ________    | |
| | |_   ___  |  | || |     /  \     | || |   /  ___  |  | || |     /  \     | || |  |_   __ \   | || |    |_   _|   | || |              | || |  |_   _ \    | || | |_   __ \    | || | |_   ___  |  | || |     /  \     | || | |_   ___ `.  | |
| |   | |_  \_|  | || |    / /\ \    | || |  |  (__ \_|  | || |    / /\ \    | || |    | |__) |  | || |      | |     | || |    ______    | || |    | |_) |   | || |   | |__) |   | || |   | |_  \_|  | || |    / /\ \    | || |   | |   `. \ | |
| |   |  _|      | || |   / ____ \   | || |   '.___`-.   | || |   / ____ \   | || |    |  ___/   | || |      | |     | || |   |______|   | || |    |  __'.   | || |   |  __ /    | || |   |  _|  _   | || |   / ____ \   | || |   | |    | | | |
| |  _| |_       | || | _/ /    \ \_ | || |  |`\____) |  | || | _/ /    \ \_ | || |   _| |_      | || |     _| |_    | || |              | || |   _| |__) |  | || |  _| |  \ \_  | || |  _| |___/ |  | || | _/ /    \ \_ | || |  _| |___.' / | |
| | |_____|      | || ||____|  |____|| || |  |_______.'  | || ||____|  |____|| || |  |_____|     | || |    |_____|   | || |              | || |  |_______/   | || | |____| |___| | || | |_________|  | || ||____|  |____|| || | |________.'  | |
| |              | || |              | || |              | || |              | || |              | || |              | || |              | || |              | || |              | || |              | || |              | || |              | |
| '--------------' || '--------------' || '--------------' || '--------------' || '--------------' || '--------------' || '--------------' || '--------------' || '--------------' || '--------------' || '--------------' || '--------------' |
 '----------------'  '----------------'  '----------------'  '----------------'  '----------------'  '----------------'  '----------------'  '----------------'  '----------------'  '----------------'  '----------------'  '----------------' 

2024-08-07 17:55:33.837 | INFO     | app:init_create_table:28 - 初始化数据库连接...
2024-08-07 17:55:33.951 | INFO     | app:init_create_table:31 - 数据库连接成功
2024-08-07 17:55:33.951 | INFO     | app:lifespan:40 - FasAPI-Bread 启动成功
2024-08-07 17:55:56.104 | INFO     | app:lifespan:43 - FasAPI-Bread 关闭成功
2024-08-07 17:55:57.512 | INFO     | app:lifespan:37 - FasAPI-Bread 开始启动
2024-08-07 17:55:57.512 | SUCCESS  | app:lifespan:38 - 
 .----------------.  .----------------.  .----------------.  .----------------.  .----------------.  .----------------.  .----------------.  .----------------.  .----------------.  .----------------.  .----------------.  .----------------. 
| .--------------. || .--------------. || .--------------. || .--------------. || .--------------. || .--------------. || .--------------. || .--------------. || .--------------. || .--------------. || .--------------. || .--------------. |
| |  _________   | || |      __      | || |    _______   | || |      __      | || |   ______     | || |     _____    | || |              | || |   ______     | || |  _______     | || |  _________   | || |      __      | || |  ________    | |
| | |_   ___  |  | || |     /  \     | || |   /  ___  |  | || |     /  \     | || |  |_   __ \   | || |    |_   _|   | || |              | || |  |_   _ \    | || | |_   __ \    | || | |_   ___  |  | || |     /  \     | || | |_   ___ `.  | |
| |   | |_  \_|  | || |    / /\ \    | || |  |  (__ \_|  | || |    / /\ \    | || |    | |__) |  | || |      | |     | || |    ______    | || |    | |_) |   | || |   | |__) |   | || |   | |_  \_|  | || |    / /\ \    | || |   | |   `. \ | |
| |   |  _|      | || |   / ____ \   | || |   '.___`-.   | || |   / ____ \   | || |    |  ___/   | || |      | |     | || |   |______|   | || |    |  __'.   | || |   |  __ /    | || |   |  _|  _   | || |   / ____ \   | || |   | |    | | | |
| |  _| |_       | || | _/ /    \ \_ | || |  |`\____) |  | || | _/ /    \ \_ | || |   _| |_      | || |     _| |_    | || |              | || |   _| |__) |  | || |  _| |  \ \_  | || |  _| |___/ |  | || | _/ /    \ \_ | || |  _| |___.' / | |
| | |_____|      | || ||____|  |____|| || |  |_______.'  | || ||____|  |____|| || |  |_____|     | || |    |_____|   | || |              | || |  |_______/   | || | |____| |___| | || | |_________|  | || ||____|  |____|| || | |________.'  | |
| |              | || |              | || |              | || |              | || |              | || |              | || |              | || |              | || |              | || |              | || |              | || |              | |
| '--------------' || '--------------' || '--------------' || '--------------' || '--------------' || '--------------' || '--------------' || '--------------' || '--------------' || '--------------' || '--------------' || '--------------' |
 '----------------'  '----------------'  '----------------'  '----------------'  '----------------'  '----------------'  '----------------'  '----------------'  '----------------'  '----------------'  '----------------'  '----------------' 

2024-08-07 17:55:57.513 | INFO     | app:init_create_table:28 - 初始化数据库连接...
2024-08-07 17:55:57.650 | INFO     | app:init_create_table:31 - 数据库连接成功
2024-08-07 17:55:57.650 | INFO     | app:lifespan:40 - FasAPI-Bread 启动成功
2024-08-07 17:58:20.598 | INFO     | app:lifespan:43 - FasAPI-Bread 关闭成功
2024-08-07 17:58:22.358 | INFO     | app:lifespan:38 - FasAPI-Bread 开始启动
2024-08-07 17:58:22.359 | SUCCESS  | app:lifespan:39 - 
 .----------------.  .----------------.  .----------------.  .----------------.  .----------------.  .----------------.  .----------------.  .----------------.  .----------------.  .----------------.  .----------------.  .----------------. 
| .--------------. || .--------------. || .--------------. || .--------------. || .--------------. || .--------------. || .--------------. || .--------------. || .--------------. || .--------------. || .--------------. || .--------------. |
| |  _________   | || |      __      | || |    _______   | || |      __      | || |   ______     | || |     _____    | || |              | || |   ______     | || |  _______     | || |  _________   | || |      __      | || |  ________    | |
| | |_   ___  |  | || |     /  \     | || |   /  ___  |  | || |     /  \     | || |  |_   __ \   | || |    |_   _|   | || |              | || |  |_   _ \    | || | |_   __ \    | || | |_   ___  |  | || |     /  \     | || | |_   ___ `.  | |
| |   | |_  \_|  | || |    / /\ \    | || |  |  (__ \_|  | || |    / /\ \    | || |    | |__) |  | || |      | |     | || |    ______    | || |    | |_) |   | || |   | |__) |   | || |   | |_  \_|  | || |    / /\ \    | || |   | |   `. \ | |
| |   |  _|      | || |   / ____ \   | || |   '.___`-.   | || |   / ____ \   | || |    |  ___/   | || |      | |     | || |   |______|   | || |    |  __'.   | || |   |  __ /    | || |   |  _|  _   | || |   / ____ \   | || |   | |    | | | |
| |  _| |_       | || | _/ /    \ \_ | || |  |`\____) |  | || | _/ /    \ \_ | || |   _| |_      | || |     _| |_    | || |              | || |   _| |__) |  | || |  _| |  \ \_  | || |  _| |___/ |  | || | _/ /    \ \_ | || |  _| |___.' / | |
| | |_____|      | || ||____|  |____|| || |  |_______.'  | || ||____|  |____|| || |  |_____|     | || |    |_____|   | || |              | || |  |_______/   | || | |____| |___| | || | |_________|  | || ||____|  |____|| || | |________.'  | |
| |              | || |              | || |              | || |              | || |              | || |              | || |              | || |              | || |              | || |              | || |              | || |              | |
| '--------------' || '--------------' || '--------------' || '--------------' || '--------------' || '--------------' || '--------------' || '--------------' || '--------------' || '--------------' || '--------------' || '--------------' |
 '----------------'  '----------------'  '----------------'  '----------------'  '----------------'  '----------------'  '----------------'  '----------------'  '----------------'  '----------------'  '----------------'  '----------------' 

2024-08-07 17:58:22.360 | INFO     | app:init_create_table:29 - 初始化数据库连接...
2024-08-07 17:58:22.475 | INFO     | app:init_create_table:32 - 数据库连接成功
2024-08-07 17:58:22.476 | INFO     | app:lifespan:42 - FasAPI-Bread 启动成功
2024-08-07 17:59:00.871 | INFO     | app.middlewares.middlewares:dispatch:50 - --> a2420d43-8ae2-4aba-aac2-9b7f9727796f GET /docs 127.0.0.1
2024-08-07 17:59:00.873 | INFO     | app.middlewares.middlewares:dispatch:69 - <-- a2420d43-8ae2-4aba-aac2-9b7f9727796f 200 /docs (took: 0.002309s)

2024-08-07 17:59:01.818 | INFO     | app.middlewares.middlewares:dispatch:50 - --> fd35dd65-4333-460c-b1f3-8299c8476b08 GET /openapi.json 127.0.0.1
2024-08-07 17:59:01.820 | INFO     | app.middlewares.middlewares:dispatch:69 - <-- fd35dd65-4333-460c-b1f3-8299c8476b08 200 /openapi.json (took: 0.001542s)

2024-08-07 18:06:06.391 | INFO     | app.middlewares.middlewares:dispatch:50 - --> d1a7dd13-665c-4c15-b586-9febd9edf89a POST /api/v1/users/login 127.0.0.1
2024-08-07 18:06:06.393 | INFO     | app.middlewares.middlewares:dispatch:69 - <-- d1a7dd13-665c-4c15-b586-9febd9edf89a 200 /api/v1/users/login (took: 0.001825s)

2024-08-07 18:54:32.273 | INFO     | app.middlewares.middlewares:dispatch:50 - --> c2b01aeb-aba2-4656-91df-14ec2d3c8a2e GET /openapi.json 127.0.0.1
2024-08-07 18:54:32.301 | INFO     | app.middlewares.middlewares:dispatch:69 - <-- c2b01aeb-aba2-4656-91df-14ec2d3c8a2e 200 /openapi.json (took: 0.134971s)

2024-08-07 19:12:29.847 | INFO     | app:lifespan:45 - FasAPI-Bread 关闭成功
2024-08-07 19:12:32.261 | INFO     | app:lifespan:38 - FasAPI-Bread 开始启动
2024-08-07 19:12:32.262 | SUCCESS  | app:lifespan:39 - 
 .----------------.  .----------------.  .----------------.  .----------------.  .----------------.  .----------------.  .----------------.  .----------------.  .----------------.  .----------------.  .----------------.  .----------------. 
| .--------------. || .--------------. || .--------------. || .--------------. || .--------------. || .--------------. || .--------------. || .--------------. || .--------------. || .--------------. || .--------------. || .--------------. |
| |  _________   | || |      __      | || |    _______   | || |      __      | || |   ______     | || |     _____    | || |              | || |   ______     | || |  _______     | || |  _________   | || |      __      | || |  ________    | |
| | |_   ___  |  | || |     /  \     | || |   /  ___  |  | || |     /  \     | || |  |_   __ \   | || |    |_   _|   | || |              | || |  |_   _ \    | || | |_   __ \    | || | |_   ___  |  | || |     /  \     | || | |_   ___ `.  | |
| |   | |_  \_|  | || |    / /\ \    | || |  |  (__ \_|  | || |    / /\ \    | || |    | |__) |  | || |      | |     | || |    ______    | || |    | |_) |   | || |   | |__) |   | || |   | |_  \_|  | || |    / /\ \    | || |   | |   `. \ | |
| |   |  _|      | || |   / ____ \   | || |   '.___`-.   | || |   / ____ \   | || |    |  ___/   | || |      | |     | || |   |______|   | || |    |  __'.   | || |   |  __ /    | || |   |  _|  _   | || |   / ____ \   | || |   | |    | | | |
| |  _| |_       | || | _/ /    \ \_ | || |  |`\____) |  | || | _/ /    \ \_ | || |   _| |_      | || |     _| |_    | || |              | || |   _| |__) |  | || |  _| |  \ \_  | || |  _| |___/ |  | || | _/ /    \ \_ | || |  _| |___.' / | |
| | |_____|      | || ||____|  |____|| || |  |_______.'  | || ||____|  |____|| || |  |_____|     | || |    |_____|   | || |              | || |  |_______/   | || | |____| |___| | || | |_________|  | || ||____|  |____|| || | |________.'  | |
| |              | || |              | || |              | || |              | || |              | || |              | || |              | || |              | || |              | || |              | || |              | || |              | |
| '--------------' || '--------------' || '--------------' || '--------------' || '--------------' || '--------------' || '--------------' || '--------------' || '--------------' || '--------------' || '--------------' || '--------------' |
 '----------------'  '----------------'  '----------------'  '----------------'  '----------------'  '----------------'  '----------------'  '----------------'  '----------------'  '----------------'  '----------------'  '----------------' 

2024-08-07 19:12:32.263 | INFO     | app:init_create_table:29 - 初始化数据库连接...
2024-08-07 19:12:32.377 | INFO     | app:init_create_table:32 - 数据库连接成功
2024-08-07 19:12:32.378 | INFO     | app.apis:register_routers:16 - 注册路由
2024-08-07 19:12:32.378 | INFO     | app:lifespan:42 - FasAPI-Bread 启动成功
2024-08-07 19:43:01.283 | INFO     | app:lifespan:45 - FasAPI-Bread 关闭成功
